<?xml version="1.0" encoding="UTF-8"?>
<testsuite name="Utest Page" tests="1" skipped="0" failures="0" errors="0" timestamp="2021-12-28T03:43:54" hostname="DESKTOP-8KSOOTC" time="88.447">
  <properties/>
  <testcase name="register on the utest page" classname="Utest Page" time="88.447"/>
  <system-out><![CDATA[]]></system-out>
  <system-err><![CDATA[[Test worker] WARN net.thucydides.core.steps.BaseStepListener - stepStarted: net.thucydides.core.steps.ExecutedStepDescription@6d2acd8a
[Test worker] WARN net.thucydides.core.steps.BaseStepListener - stepStarted: net.thucydides.core.steps.ExecutedStepDescription@6e798a39
[Test worker] WARN net.thucydides.core.steps.BaseStepListener - stepStarted: net.thucydides.core.steps.ExecutedStepDescription@31feb3fc
dic 27, 2021 10:43:55 PM org.openqa.selenium.remote.DesiredCapabilities chrome
INFORMACIÓN: Using `new ChromeOptions()` is preferred to `DesiredCapabilities.chrome()`
[Test worker] INFO net.serenitybdd.core.webdriver.driverproviders.ProvideNewDriver - Instantiating driver
[Test worker] INFO net.serenitybdd.core.webdriver.driverproviders.ProvideNewDriver - Driver capabilities: Capabilities {acceptInsecureCerts: false, browserName: chrome, chrome.switches: --start-maximized, goog:chromeOptions: {args: [--start-maximized], extensions: []}, loggingPrefs: org.openqa.selenium.logging..., platform: ANY, version: }
Starting ChromeDriver 96.0.4664.18 (b8887b3d1742adb0873f871edc1d8d8c1d46bb96-refs/branch-heads/4664@{#236}) on port 32223
Only local connections are allowed.
Please see https://chromedriver.chromium.org/security-considerations for suggestions on keeping ChromeDriver safe.
ChromeDriver was started successfully.
dic 27, 2021 10:44:02 PM org.openqa.selenium.remote.ProtocolHandshake createSession
INFORMACIÓN: Detected dialect: W3C
[Test worker] WARN net.thucydides.core.steps.BaseStepListener - stepFinished: current outcome:register on the utest page:Given than luis wants to register on the utest page [Luis open up [luis opens the Utest page]]
[Test worker] WARN net.thucydides.core.steps.BaseStepListener - stepFinished: current outcome:register on the utest page:Given than luis wants to register on the utest page [Luis open up [luis opens the Utest page]]
[Test worker] WARN net.thucydides.core.steps.BaseStepListener - stepFinished: current outcome:register on the utest page:Given than luis wants to register on the utest page [Luis open up [luis opens the Utest page]]
[Test worker] WARN net.thucydides.core.steps.BaseStepListener - stepStarted: net.thucydides.core.steps.ExecutedStepDescription@6548c349
[Test worker] WARN net.thucydides.core.steps.BaseStepListener - stepStarted: net.thucydides.core.steps.ExecutedStepDescription@301db6b
[Test worker] WARN net.thucydides.core.steps.BaseStepListener - stepStarted: net.thucydides.core.steps.ExecutedStepDescription@317d36bb
[Test worker] WARN net.thucydides.core.steps.BaseStepListener - stepFinished: current outcome:register on the utest page:Given than luis wants to register on the utest page [Luis open up [luis opens the Utest page]], When you access the utest page
| strFirstName | strLastName | strEmailAddress | strMonthBirth | intDayBirth | intYearBirth | strCity | strPostalCode | strPassword | strConfirmPassword | strMessage |
| Juan | Perez | jperez@gmail.com | April | 6 | 1992 | Las Lomas | 507 | Choucair2021* | Choucair2021* | First, please check your email inbox | [Luis join today [luis clicks on button that shows the form to register]]
[Test worker] WARN net.thucydides.core.steps.BaseStepListener - stepStarted: net.thucydides.core.steps.ExecutedStepDescription@15ec673d
[Test worker] WARN net.thucydides.core.steps.BaseStepListener - stepFinished: current outcome:register on the utest page:Given than luis wants to register on the utest page [Luis open up [luis opens the Utest page]], When you access the utest page
| strFirstName | strLastName | strEmailAddress | strMonthBirth | intDayBirth | intYearBirth | strCity | strPostalCode | strPassword | strConfirmPassword | strMessage |
| Juan | Perez | jperez@gmail.com | April | 6 | 1992 | Las Lomas | 507 | Choucair2021* | Choucair2021* | First, please check your email inbox | [Luis join today [luis clicks on button that shows the form to register, luis enters 'Juan' into where do we write the First name]]
[Test worker] WARN net.thucydides.core.steps.BaseStepListener - stepStarted: net.thucydides.core.steps.ExecutedStepDescription@11ed36e0
[Test worker] WARN net.thucydides.core.steps.BaseStepListener - stepFinished: current outcome:register on the utest page:Given than luis wants to register on the utest page [Luis open up [luis opens the Utest page]], When you access the utest page
| strFirstName | strLastName | strEmailAddress | strMonthBirth | intDayBirth | intYearBirth | strCity | strPostalCode | strPassword | strConfirmPassword | strMessage |
| Juan | Perez | jperez@gmail.com | April | 6 | 1992 | Las Lomas | 507 | Choucair2021* | Choucair2021* | First, please check your email inbox | [Luis join today [luis clicks on button that shows the form to register, luis enters 'Juan' into where do we write the First name, luis enters 'Perez' into where do we write the Last name]]
[Test worker] WARN net.thucydides.core.steps.BaseStepListener - stepStarted: net.thucydides.core.steps.ExecutedStepDescription@323b7713
[Test worker] WARN net.thucydides.core.steps.BaseStepListener - stepFinished: current outcome:register on the utest page:Given than luis wants to register on the utest page [Luis open up [luis opens the Utest page]], When you access the utest page
| strFirstName | strLastName | strEmailAddress | strMonthBirth | intDayBirth | intYearBirth | strCity | strPostalCode | strPassword | strConfirmPassword | strMessage |
| Juan | Perez | jperez@gmail.com | April | 6 | 1992 | Las Lomas | 507 | Choucair2021* | Choucair2021* | First, please check your email inbox | [Luis join today [luis clicks on button that shows the form to register, luis enters 'Juan' into where do we write the First name, luis enters 'Perez' into where do we write the Last name, luis enters 'jperez@gmail.com' into where do we write the Email]]
[Test worker] WARN net.thucydides.core.steps.BaseStepListener - stepStarted: net.thucydides.core.steps.ExecutedStepDescription@4d68740a
[Test worker] WARN net.thucydides.core.steps.BaseStepListener - stepFinished: current outcome:register on the utest page:Given than luis wants to register on the utest page [Luis open up [luis opens the Utest page]], When you access the utest page
| strFirstName | strLastName | strEmailAddress | strMonthBirth | intDayBirth | intYearBirth | strCity | strPostalCode | strPassword | strConfirmPassword | strMessage |
| Juan | Perez | jperez@gmail.com | April | 6 | 1992 | Las Lomas | 507 | Choucair2021* | Choucair2021* | First, please check your email inbox | [Luis join today [luis clicks on button that shows the form to register, luis enters 'Juan' into where do we write the First name, luis enters 'Perez' into where do we write the Last name, luis enters 'jperez@gmail.com' into where do we write the Email, luis select April on where do we write the Birth Month]]
[Test worker] WARN net.thucydides.core.steps.BaseStepListener - stepStarted: net.thucydides.core.steps.ExecutedStepDescription@56fc5547
[Test worker] WARN net.thucydides.core.steps.BaseStepListener - stepFinished: current outcome:register on the utest page:Given than luis wants to register on the utest page [Luis open up [luis opens the Utest page]], When you access the utest page
| strFirstName | strLastName | strEmailAddress | strMonthBirth | intDayBirth | intYearBirth | strCity | strPostalCode | strPassword | strConfirmPassword | strMessage |
| Juan | Perez | jperez@gmail.com | April | 6 | 1992 | Las Lomas | 507 | Choucair2021* | Choucair2021* | First, please check your email inbox | [Luis join today [luis clicks on button that shows the form to register, luis enters 'Juan' into where do we write the First name, luis enters 'Perez' into where do we write the Last name, luis enters 'jperez@gmail.com' into where do we write the Email, luis select April on where do we write the Birth Month, luis select 6 on where do we write the Birth Day]]
[Test worker] WARN net.thucydides.core.steps.BaseStepListener - stepStarted: net.thucydides.core.steps.ExecutedStepDescription@18239bca
[Test worker] WARN net.thucydides.core.steps.BaseStepListener - stepFinished: current outcome:register on the utest page:Given than luis wants to register on the utest page [Luis open up [luis opens the Utest page]], When you access the utest page
| strFirstName | strLastName | strEmailAddress | strMonthBirth | intDayBirth | intYearBirth | strCity | strPostalCode | strPassword | strConfirmPassword | strMessage |
| Juan | Perez | jperez@gmail.com | April | 6 | 1992 | Las Lomas | 507 | Choucair2021* | Choucair2021* | First, please check your email inbox | [Luis join today [luis clicks on button that shows the form to register, luis enters 'Juan' into where do we write the First name, luis enters 'Perez' into where do we write the Last name, luis enters 'jperez@gmail.com' into where do we write the Email, luis select April on where do we write the Birth Month, luis select 6 on where do we write the Birth Day, luis select 1992 on where do we write the Birth Year]]
[Test worker] WARN net.thucydides.core.steps.BaseStepListener - stepStarted: net.thucydides.core.steps.ExecutedStepDescription@7a4e9b11
[Test worker] WARN net.thucydides.core.steps.BaseStepListener - stepFinished: current outcome:register on the utest page:Given than luis wants to register on the utest page [Luis open up [luis opens the Utest page]], When you access the utest page
| strFirstName | strLastName | strEmailAddress | strMonthBirth | intDayBirth | intYearBirth | strCity | strPostalCode | strPassword | strConfirmPassword | strMessage |
| Juan | Perez | jperez@gmail.com | April | 6 | 1992 | Las Lomas | 507 | Choucair2021* | Choucair2021* | First, please check your email inbox | [Luis join today [luis clicks on button that shows the form to register, luis enters 'Juan' into where do we write the First name, luis enters 'Perez' into where do we write the Last name, luis enters 'jperez@gmail.com' into where do we write the Email, luis select April on where do we write the Birth Month, luis select 6 on where do we write the Birth Day, luis select 1992 on where do we write the Birth Year, luis clicks on select a language]]
[Test worker] WARN net.thucydides.core.steps.BaseStepListener - stepStarted: net.thucydides.core.steps.ExecutedStepDescription@1bcb4b6f
[Test worker] WARN net.thucydides.core.steps.BaseStepListener - stepFinished: current outcome:register on the utest page:Given than luis wants to register on the utest page [Luis open up [luis opens the Utest page]], When you access the utest page
| strFirstName | strLastName | strEmailAddress | strMonthBirth | intDayBirth | intYearBirth | strCity | strPostalCode | strPassword | strConfirmPassword | strMessage |
| Juan | Perez | jperez@gmail.com | April | 6 | 1992 | Las Lomas | 507 | Choucair2021* | Choucair2021* | First, please check your email inbox | [Luis join today [luis clicks on button that shows the form to register, luis enters 'Juan' into where do we write the First name, luis enters 'Perez' into where do we write the Last name, luis enters 'jperez@gmail.com' into where do we write the Email, luis select April on where do we write the Birth Month, luis select 6 on where do we write the Birth Day, luis select 1992 on where do we write the Birth Year, luis clicks on select a language, luis clicks on button to confirm register]]
[Test worker] WARN net.thucydides.core.steps.BaseStepListener - stepFinished: current outcome:register on the utest page:Given than luis wants to register on the utest page [Luis open up [luis opens the Utest page]], When you access the utest page
| strFirstName | strLastName | strEmailAddress | strMonthBirth | intDayBirth | intYearBirth | strCity | strPostalCode | strPassword | strConfirmPassword | strMessage |
| Juan | Perez | jperez@gmail.com | April | 6 | 1992 | Las Lomas | 507 | Choucair2021* | Choucair2021* | First, please check your email inbox | [Luis join today [luis clicks on button that shows the form to register, luis enters 'Juan' into where do we write the First name, luis enters 'Perez' into where do we write the Last name, luis enters 'jperez@gmail.com' into where do we write the Email, luis select April on where do we write the Birth Month, luis select 6 on where do we write the Birth Day, luis select 1992 on where do we write the Birth Year, luis clicks on select a language, luis clicks on button to confirm register]]
[Test worker] WARN net.thucydides.core.steps.BaseStepListener - stepStarted: net.thucydides.core.steps.ExecutedStepDescription@65df6ba1
[Test worker] WARN net.thucydides.core.steps.BaseStepListener - stepStarted: net.thucydides.core.steps.ExecutedStepDescription@45bb0662
[Test worker] WARN net.thucydides.core.steps.BaseStepListener - stepFinished: current outcome:register on the utest page:Given than luis wants to register on the utest page [Luis open up [luis opens the Utest page]], When you access the utest page
| strFirstName | strLastName | strEmailAddress | strMonthBirth | intDayBirth | intYearBirth | strCity | strPostalCode | strPassword | strConfirmPassword | strMessage |
| Juan | Perez | jperez@gmail.com | April | 6 | 1992 | Las Lomas | 507 | Choucair2021* | Choucair2021* | First, please check your email inbox | [Luis join today [luis clicks on button that shows the form to register, luis enters 'Juan' into where do we write the First name, luis enters 'Perez' into where do we write the Last name, luis enters 'jperez@gmail.com' into where do we write the Email, luis select April on where do we write the Birth Month, luis select 6 on where do we write the Birth Day, luis select 1992 on where do we write the Birth Year, luis clicks on select a language, luis clicks on button to confirm register], Luis add address [luis clicks on where do we write the City]]
[Test worker] WARN net.thucydides.core.steps.BaseStepListener - stepStarted: net.thucydides.core.steps.ExecutedStepDescription@6d6ec706
[Test worker] WARN net.thucydides.core.steps.BaseStepListener - stepFinished: current outcome:register on the utest page:Given than luis wants to register on the utest page [Luis open up [luis opens the Utest page]], When you access the utest page
| strFirstName | strLastName | strEmailAddress | strMonthBirth | intDayBirth | intYearBirth | strCity | strPostalCode | strPassword | strConfirmPassword | strMessage |
| Juan | Perez | jperez@gmail.com | April | 6 | 1992 | Las Lomas | 507 | Choucair2021* | Choucair2021* | First, please check your email inbox | [Luis join today [luis clicks on button that shows the form to register, luis enters 'Juan' into where do we write the First name, luis enters 'Perez' into where do we write the Last name, luis enters 'jperez@gmail.com' into where do we write the Email, luis select April on where do we write the Birth Month, luis select 6 on where do we write the Birth Day, luis select 1992 on where do we write the Birth Year, luis clicks on select a language, luis clicks on button to confirm register], Luis add address [luis clicks on where do we write the City, luis enters 'Las Lomas' into where do we write the City]]
[Test worker] WARN net.thucydides.core.steps.BaseStepListener - stepStarted: net.thucydides.core.steps.ExecutedStepDescription@1594ad51
[Test worker] WARN net.thucydides.core.steps.BaseStepListener - stepFinished: current outcome:register on the utest page:Given than luis wants to register on the utest page [Luis open up [luis opens the Utest page]], When you access the utest page
| strFirstName | strLastName | strEmailAddress | strMonthBirth | intDayBirth | intYearBirth | strCity | strPostalCode | strPassword | strConfirmPassword | strMessage |
| Juan | Perez | jperez@gmail.com | April | 6 | 1992 | Las Lomas | 507 | Choucair2021* | Choucair2021* | First, please check your email inbox | [Luis join today [luis clicks on button that shows the form to register, luis enters 'Juan' into where do we write the First name, luis enters 'Perez' into where do we write the Last name, luis enters 'jperez@gmail.com' into where do we write the Email, luis select April on where do we write the Birth Month, luis select 6 on where do we write the Birth Day, luis select 1992 on where do we write the Birth Year, luis clicks on select a language, luis clicks on button to confirm register], Luis add address [luis clicks on where do we write the City, luis enters 'Las Lomas' into where do we write the City, luis enters '507' into where do we write the City]]
[Test worker] WARN net.thucydides.core.steps.BaseStepListener - stepStarted: net.thucydides.core.steps.ExecutedStepDescription@eacb33
[Test worker] WARN net.thucydides.core.steps.BaseStepListener - stepFinished: current outcome:register on the utest page:Given than luis wants to register on the utest page [Luis open up [luis opens the Utest page]], When you access the utest page
| strFirstName | strLastName | strEmailAddress | strMonthBirth | intDayBirth | intYearBirth | strCity | strPostalCode | strPassword | strConfirmPassword | strMessage |
| Juan | Perez | jperez@gmail.com | April | 6 | 1992 | Las Lomas | 507 | Choucair2021* | Choucair2021* | First, please check your email inbox | [Luis join today [luis clicks on button that shows the form to register, luis enters 'Juan' into where do we write the First name, luis enters 'Perez' into where do we write the Last name, luis enters 'jperez@gmail.com' into where do we write the Email, luis select April on where do we write the Birth Month, luis select 6 on where do we write the Birth Day, luis select 1992 on where do we write the Birth Year, luis clicks on select a language, luis clicks on button to confirm register], Luis add address [luis clicks on where do we write the City, luis enters 'Las Lomas' into where do we write the City, luis enters '507' into where do we write the City, luis clicks on select to choose a country]]
[Test worker] WARN net.thucydides.core.steps.BaseStepListener - stepStarted: net.thucydides.core.steps.ExecutedStepDescription@60c88297
[Test worker] WARN net.thucydides.core.steps.BaseStepListener - stepFinished: current outcome:register on the utest page:Given than luis wants to register on the utest page [Luis open up [luis opens the Utest page]], When you access the utest page
| strFirstName | strLastName | strEmailAddress | strMonthBirth | intDayBirth | intYearBirth | strCity | strPostalCode | strPassword | strConfirmPassword | strMessage |
| Juan | Perez | jperez@gmail.com | April | 6 | 1992 | Las Lomas | 507 | Choucair2021* | Choucair2021* | First, please check your email inbox | [Luis join today [luis clicks on button that shows the form to register, luis enters 'Juan' into where do we write the First name, luis enters 'Perez' into where do we write the Last name, luis enters 'jperez@gmail.com' into where do we write the Email, luis select April on where do we write the Birth Month, luis select 6 on where do we write the Birth Day, luis select 1992 on where do we write the Birth Year, luis clicks on select a language, luis clicks on button to confirm register], Luis add address [luis clicks on where do we write the City, luis enters 'Las Lomas' into where do we write the City, luis enters '507' into where do we write the City, luis clicks on select to choose a country, luis clicks on button to continue with the registration]]
[Test worker] WARN net.thucydides.core.steps.BaseStepListener - stepFinished: current outcome:register on the utest page:Given than luis wants to register on the utest page [Luis open up [luis opens the Utest page]], When you access the utest page
| strFirstName | strLastName | strEmailAddress | strMonthBirth | intDayBirth | intYearBirth | strCity | strPostalCode | strPassword | strConfirmPassword | strMessage |
| Juan | Perez | jperez@gmail.com | April | 6 | 1992 | Las Lomas | 507 | Choucair2021* | Choucair2021* | First, please check your email inbox | [Luis join today [luis clicks on button that shows the form to register, luis enters 'Juan' into where do we write the First name, luis enters 'Perez' into where do we write the Last name, luis enters 'jperez@gmail.com' into where do we write the Email, luis select April on where do we write the Birth Month, luis select 6 on where do we write the Birth Day, luis select 1992 on where do we write the Birth Year, luis clicks on select a language, luis clicks on button to confirm register], Luis add address [luis clicks on where do we write the City, luis enters 'Las Lomas' into where do we write the City, luis enters '507' into where do we write the City, luis clicks on select to choose a country, luis clicks on button to continue with the registration]]
[Test worker] WARN net.thucydides.core.steps.BaseStepListener - stepStarted: net.thucydides.core.steps.ExecutedStepDescription@62d5a7a4
[Test worker] WARN net.thucydides.core.steps.BaseStepListener - stepStarted: net.thucydides.core.steps.ExecutedStepDescription@7c1516d5
[Test worker] WARN net.thucydides.core.steps.BaseStepListener - stepFinished: current outcome:register on the utest page:Given than luis wants to register on the utest page [Luis open up [luis opens the Utest page]], When you access the utest page
| strFirstName | strLastName | strEmailAddress | strMonthBirth | intDayBirth | intYearBirth | strCity | strPostalCode | strPassword | strConfirmPassword | strMessage |
| Juan | Perez | jperez@gmail.com | April | 6 | 1992 | Las Lomas | 507 | Choucair2021* | Choucair2021* | First, please check your email inbox | [Luis join today [luis clicks on button that shows the form to register, luis enters 'Juan' into where do we write the First name, luis enters 'Perez' into where do we write the Last name, luis enters 'jperez@gmail.com' into where do we write the Email, luis select April on where do we write the Birth Month, luis select 6 on where do we write the Birth Day, luis select 1992 on where do we write the Birth Year, luis clicks on select a language, luis clicks on button to confirm register], Luis add address [luis clicks on where do we write the City, luis enters 'Las Lomas' into where do we write the City, luis enters '507' into where do we write the City, luis clicks on select to choose a country, luis clicks on button to continue with the registration], Luis devices [luis clicks on select your computer]]
[Test worker] WARN net.thucydides.core.steps.BaseStepListener - stepStarted: net.thucydides.core.steps.ExecutedStepDescription@753532d7
[Test worker] WARN net.thucydides.core.steps.BaseStepListener - stepFinished: current outcome:register on the utest page:Given than luis wants to register on the utest page [Luis open up [luis opens the Utest page]], When you access the utest page
| strFirstName | strLastName | strEmailAddress | strMonthBirth | intDayBirth | intYearBirth | strCity | strPostalCode | strPassword | strConfirmPassword | strMessage |
| Juan | Perez | jperez@gmail.com | April | 6 | 1992 | Las Lomas | 507 | Choucair2021* | Choucair2021* | First, please check your email inbox | [Luis join today [luis clicks on button that shows the form to register, luis enters 'Juan' into where do we write the First name, luis enters 'Perez' into where do we write the Last name, luis enters 'jperez@gmail.com' into where do we write the Email, luis select April on where do we write the Birth Month, luis select 6 on where do we write the Birth Day, luis select 1992 on where do we write the Birth Year, luis clicks on select a language, luis clicks on button to confirm register], Luis add address [luis clicks on where do we write the City, luis enters 'Las Lomas' into where do we write the City, luis enters '507' into where do we write the City, luis clicks on select to choose a country, luis clicks on button to continue with the registration], Luis devices [luis clicks on select your computer, luis clicks on select version]]
[Test worker] WARN net.thucydides.core.steps.BaseStepListener - stepStarted: net.thucydides.core.steps.ExecutedStepDescription@26d0b224
[Test worker] WARN net.thucydides.core.steps.BaseStepListener - stepFinished: current outcome:register on the utest page:Given than luis wants to register on the utest page [Luis open up [luis opens the Utest page]], When you access the utest page
| strFirstName | strLastName | strEmailAddress | strMonthBirth | intDayBirth | intYearBirth | strCity | strPostalCode | strPassword | strConfirmPassword | strMessage |
| Juan | Perez | jperez@gmail.com | April | 6 | 1992 | Las Lomas | 507 | Choucair2021* | Choucair2021* | First, please check your email inbox | [Luis join today [luis clicks on button that shows the form to register, luis enters 'Juan' into where do we write the First name, luis enters 'Perez' into where do we write the Last name, luis enters 'jperez@gmail.com' into where do we write the Email, luis select April on where do we write the Birth Month, luis select 6 on where do we write the Birth Day, luis select 1992 on where do we write the Birth Year, luis clicks on select a language, luis clicks on button to confirm register], Luis add address [luis clicks on where do we write the City, luis enters 'Las Lomas' into where do we write the City, luis enters '507' into where do we write the City, luis clicks on select to choose a country, luis clicks on button to continue with the registration], Luis devices [luis clicks on select your computer, luis clicks on select version, luis clicks on select language]]
[Test worker] WARN net.thucydides.core.steps.BaseStepListener - stepStarted: net.thucydides.core.steps.ExecutedStepDescription@4a4b8a86
[Test worker] WARN net.thucydides.core.steps.BaseStepListener - stepFinished: current outcome:register on the utest page:Given than luis wants to register on the utest page [Luis open up [luis opens the Utest page]], When you access the utest page
| strFirstName | strLastName | strEmailAddress | strMonthBirth | intDayBirth | intYearBirth | strCity | strPostalCode | strPassword | strConfirmPassword | strMessage |
| Juan | Perez | jperez@gmail.com | April | 6 | 1992 | Las Lomas | 507 | Choucair2021* | Choucair2021* | First, please check your email inbox | [Luis join today [luis clicks on button that shows the form to register, luis enters 'Juan' into where do we write the First name, luis enters 'Perez' into where do we write the Last name, luis enters 'jperez@gmail.com' into where do we write the Email, luis select April on where do we write the Birth Month, luis select 6 on where do we write the Birth Day, luis select 1992 on where do we write the Birth Year, luis clicks on select a language, luis clicks on button to confirm register], Luis add address [luis clicks on where do we write the City, luis enters 'Las Lomas' into where do we write the City, luis enters '507' into where do we write the City, luis clicks on select to choose a country, luis clicks on button to continue with the registration], Luis devices [luis clicks on select your computer, luis clicks on select version, luis clicks on select language, luis clicks on select your moblie device]]
[Test worker] WARN net.thucydides.core.steps.BaseStepListener - stepStarted: net.thucydides.core.steps.ExecutedStepDescription@6359d069
[Test worker] WARN net.thucydides.core.steps.BaseStepListener - stepFinished: current outcome:register on the utest page:Given than luis wants to register on the utest page [Luis open up [luis opens the Utest page]], When you access the utest page
| strFirstName | strLastName | strEmailAddress | strMonthBirth | intDayBirth | intYearBirth | strCity | strPostalCode | strPassword | strConfirmPassword | strMessage |
| Juan | Perez | jperez@gmail.com | April | 6 | 1992 | Las Lomas | 507 | Choucair2021* | Choucair2021* | First, please check your email inbox | [Luis join today [luis clicks on button that shows the form to register, luis enters 'Juan' into where do we write the First name, luis enters 'Perez' into where do we write the Last name, luis enters 'jperez@gmail.com' into where do we write the Email, luis select April on where do we write the Birth Month, luis select 6 on where do we write the Birth Day, luis select 1992 on where do we write the Birth Year, luis clicks on select a language, luis clicks on button to confirm register], Luis add address [luis clicks on where do we write the City, luis enters 'Las Lomas' into where do we write the City, luis enters '507' into where do we write the City, luis clicks on select to choose a country, luis clicks on button to continue with the registration], Luis devices [luis clicks on select your computer, luis clicks on select version, luis clicks on select language, luis clicks on select your moblie device, luis clicks on select model]]
[Test worker] WARN net.thucydides.core.steps.BaseStepListener - stepStarted: net.thucydides.core.steps.ExecutedStepDescription@59f49ea4
[Test worker] WARN net.thucydides.core.steps.BaseStepListener - stepFinished: current outcome:register on the utest page:Given than luis wants to register on the utest page [Luis open up [luis opens the Utest page]], When you access the utest page
| strFirstName | strLastName | strEmailAddress | strMonthBirth | intDayBirth | intYearBirth | strCity | strPostalCode | strPassword | strConfirmPassword | strMessage |
| Juan | Perez | jperez@gmail.com | April | 6 | 1992 | Las Lomas | 507 | Choucair2021* | Choucair2021* | First, please check your email inbox | [Luis join today [luis clicks on button that shows the form to register, luis enters 'Juan' into where do we write the First name, luis enters 'Perez' into where do we write the Last name, luis enters 'jperez@gmail.com' into where do we write the Email, luis select April on where do we write the Birth Month, luis select 6 on where do we write the Birth Day, luis select 1992 on where do we write the Birth Year, luis clicks on select a language, luis clicks on button to confirm register], Luis add address [luis clicks on where do we write the City, luis enters 'Las Lomas' into where do we write the City, luis enters '507' into where do we write the City, luis clicks on select to choose a country, luis clicks on button to continue with the registration], Luis devices [luis clicks on select your computer, luis clicks on select version, luis clicks on select language, luis clicks on select your moblie device, luis clicks on select model, luis clicks on select operating system]]
[Test worker] WARN net.thucydides.core.steps.BaseStepListener - stepStarted: net.thucydides.core.steps.ExecutedStepDescription@1dc3a0b6
[Test worker] WARN net.thucydides.core.steps.BaseStepListener - stepFinished: current outcome:register on the utest page:Given than luis wants to register on the utest page [Luis open up [luis opens the Utest page]], When you access the utest page
| strFirstName | strLastName | strEmailAddress | strMonthBirth | intDayBirth | intYearBirth | strCity | strPostalCode | strPassword | strConfirmPassword | strMessage |
| Juan | Perez | jperez@gmail.com | April | 6 | 1992 | Las Lomas | 507 | Choucair2021* | Choucair2021* | First, please check your email inbox | [Luis join today [luis clicks on button that shows the form to register, luis enters 'Juan' into where do we write the First name, luis enters 'Perez' into where do we write the Last name, luis enters 'jperez@gmail.com' into where do we write the Email, luis select April on where do we write the Birth Month, luis select 6 on where do we write the Birth Day, luis select 1992 on where do we write the Birth Year, luis clicks on select a language, luis clicks on button to confirm register], Luis add address [luis clicks on where do we write the City, luis enters 'Las Lomas' into where do we write the City, luis enters '507' into where do we write the City, luis clicks on select to choose a country, luis clicks on button to continue with the registration], Luis devices [luis clicks on select your computer, luis clicks on select version, luis clicks on select language, luis clicks on select your moblie device, luis clicks on select model, luis clicks on select operating system, luis clicks on button to continue with the last registration]]
[Test worker] WARN net.thucydides.core.steps.BaseStepListener - stepFinished: current outcome:register on the utest page:Given than luis wants to register on the utest page [Luis open up [luis opens the Utest page]], When you access the utest page
| strFirstName | strLastName | strEmailAddress | strMonthBirth | intDayBirth | intYearBirth | strCity | strPostalCode | strPassword | strConfirmPassword | strMessage |
| Juan | Perez | jperez@gmail.com | April | 6 | 1992 | Las Lomas | 507 | Choucair2021* | Choucair2021* | First, please check your email inbox | [Luis join today [luis clicks on button that shows the form to register, luis enters 'Juan' into where do we write the First name, luis enters 'Perez' into where do we write the Last name, luis enters 'jperez@gmail.com' into where do we write the Email, luis select April on where do we write the Birth Month, luis select 6 on where do we write the Birth Day, luis select 1992 on where do we write the Birth Year, luis clicks on select a language, luis clicks on button to confirm register], Luis add address [luis clicks on where do we write the City, luis enters 'Las Lomas' into where do we write the City, luis enters '507' into where do we write the City, luis clicks on select to choose a country, luis clicks on button to continue with the registration], Luis devices [luis clicks on select your computer, luis clicks on select version, luis clicks on select language, luis clicks on select your moblie device, luis clicks on select model, luis clicks on select operating system, luis clicks on button to continue with the last registration]]
[Test worker] WARN net.thucydides.core.steps.BaseStepListener - stepStarted: net.thucydides.core.steps.ExecutedStepDescription@3bd87510
[Test worker] WARN net.thucydides.core.steps.BaseStepListener - stepStarted: net.thucydides.core.steps.ExecutedStepDescription@6c41e408
[Test worker] WARN net.thucydides.core.steps.BaseStepListener - stepFinished: current outcome:register on the utest page:Given than luis wants to register on the utest page [Luis open up [luis opens the Utest page]], When you access the utest page
| strFirstName | strLastName | strEmailAddress | strMonthBirth | intDayBirth | intYearBirth | strCity | strPostalCode | strPassword | strConfirmPassword | strMessage |
| Juan | Perez | jperez@gmail.com | April | 6 | 1992 | Las Lomas | 507 | Choucair2021* | Choucair2021* | First, please check your email inbox | [Luis join today [luis clicks on button that shows the form to register, luis enters 'Juan' into where do we write the First name, luis enters 'Perez' into where do we write the Last name, luis enters 'jperez@gmail.com' into where do we write the Email, luis select April on where do we write the Birth Month, luis select 6 on where do we write the Birth Day, luis select 1992 on where do we write the Birth Year, luis clicks on select a language, luis clicks on button to confirm register], Luis add address [luis clicks on where do we write the City, luis enters 'Las Lomas' into where do we write the City, luis enters '507' into where do we write the City, luis clicks on select to choose a country, luis clicks on button to continue with the registration], Luis devices [luis clicks on select your computer, luis clicks on select version, luis clicks on select language, luis clicks on select your moblie device, luis clicks on select model, luis clicks on select operating system, luis clicks on button to continue with the last registration], Luis last sep [luis clicks on where do we write the password]]
[Test worker] WARN net.thucydides.core.steps.BaseStepListener - stepStarted: net.thucydides.core.steps.ExecutedStepDescription@4ce26afd
[Test worker] WARN net.thucydides.core.steps.BaseStepListener - stepFinished: current outcome:register on the utest page:Given than luis wants to register on the utest page [Luis open up [luis opens the Utest page]], When you access the utest page
| strFirstName | strLastName | strEmailAddress | strMonthBirth | intDayBirth | intYearBirth | strCity | strPostalCode | strPassword | strConfirmPassword | strMessage |
| Juan | Perez | jperez@gmail.com | April | 6 | 1992 | Las Lomas | 507 | Choucair2021* | Choucair2021* | First, please check your email inbox | [Luis join today [luis clicks on button that shows the form to register, luis enters 'Juan' into where do we write the First name, luis enters 'Perez' into where do we write the Last name, luis enters 'jperez@gmail.com' into where do we write the Email, luis select April on where do we write the Birth Month, luis select 6 on where do we write the Birth Day, luis select 1992 on where do we write the Birth Year, luis clicks on select a language, luis clicks on button to confirm register], Luis add address [luis clicks on where do we write the City, luis enters 'Las Lomas' into where do we write the City, luis enters '507' into where do we write the City, luis clicks on select to choose a country, luis clicks on button to continue with the registration], Luis devices [luis clicks on select your computer, luis clicks on select version, luis clicks on select language, luis clicks on select your moblie device, luis clicks on select model, luis clicks on select operating system, luis clicks on button to continue with the last registration], Luis last sep [luis clicks on where do we write the password, luis enters 'Choucair2021*' into where do we write the password]]
[Test worker] WARN net.thucydides.core.steps.BaseStepListener - stepStarted: net.thucydides.core.steps.ExecutedStepDescription@890d197
[Test worker] WARN net.thucydides.core.steps.BaseStepListener - stepFinished: current outcome:register on the utest page:Given than luis wants to register on the utest page [Luis open up [luis opens the Utest page]], When you access the utest page
| strFirstName | strLastName | strEmailAddress | strMonthBirth | intDayBirth | intYearBirth | strCity | strPostalCode | strPassword | strConfirmPassword | strMessage |
| Juan | Perez | jperez@gmail.com | April | 6 | 1992 | Las Lomas | 507 | Choucair2021* | Choucair2021* | First, please check your email inbox | [Luis join today [luis clicks on button that shows the form to register, luis enters 'Juan' into where do we write the First name, luis enters 'Perez' into where do we write the Last name, luis enters 'jperez@gmail.com' into where do we write the Email, luis select April on where do we write the Birth Month, luis select 6 on where do we write the Birth Day, luis select 1992 on where do we write the Birth Year, luis clicks on select a language, luis clicks on button to confirm register], Luis add address [luis clicks on where do we write the City, luis enters 'Las Lomas' into where do we write the City, luis enters '507' into where do we write the City, luis clicks on select to choose a country, luis clicks on button to continue with the registration], Luis devices [luis clicks on select your computer, luis clicks on select version, luis clicks on select language, luis clicks on select your moblie device, luis clicks on select model, luis clicks on select operating system, luis clicks on button to continue with the last registration], Luis last sep [luis clicks on where do we write the password, luis enters 'Choucair2021*' into where do we write the password, luis enters 'Choucair2021*' into where do we write the confirm password]]
[Test worker] WARN net.thucydides.core.steps.BaseStepListener - stepStarted: net.thucydides.core.steps.ExecutedStepDescription@407a62f4
[Test worker] WARN net.thucydides.core.steps.BaseStepListener - stepFinished: current outcome:register on the utest page:Given than luis wants to register on the utest page [Luis open up [luis opens the Utest page]], When you access the utest page
| strFirstName | strLastName | strEmailAddress | strMonthBirth | intDayBirth | intYearBirth | strCity | strPostalCode | strPassword | strConfirmPassword | strMessage |
| Juan | Perez | jperez@gmail.com | April | 6 | 1992 | Las Lomas | 507 | Choucair2021* | Choucair2021* | First, please check your email inbox | [Luis join today [luis clicks on button that shows the form to register, luis enters 'Juan' into where do we write the First name, luis enters 'Perez' into where do we write the Last name, luis enters 'jperez@gmail.com' into where do we write the Email, luis select April on where do we write the Birth Month, luis select 6 on where do we write the Birth Day, luis select 1992 on where do we write the Birth Year, luis clicks on select a language, luis clicks on button to confirm register], Luis add address [luis clicks on where do we write the City, luis enters 'Las Lomas' into where do we write the City, luis enters '507' into where do we write the City, luis clicks on select to choose a country, luis clicks on button to continue with the registration], Luis devices [luis clicks on select your computer, luis clicks on select version, luis clicks on select language, luis clicks on select your moblie device, luis clicks on select model, luis clicks on select operating system, luis clicks on button to continue with the last registration], Luis last sep [luis clicks on where do we write the password, luis enters 'Choucair2021*' into where do we write the password, luis enters 'Choucair2021*' into where do we write the confirm password, luis clicks on check to stay informed by mail]]
[Test worker] WARN net.thucydides.core.steps.BaseStepListener - stepStarted: net.thucydides.core.steps.ExecutedStepDescription@41e42197
[Test worker] WARN net.thucydides.core.steps.BaseStepListener - stepFinished: current outcome:register on the utest page:Given than luis wants to register on the utest page [Luis open up [luis opens the Utest page]], When you access the utest page
| strFirstName | strLastName | strEmailAddress | strMonthBirth | intDayBirth | intYearBirth | strCity | strPostalCode | strPassword | strConfirmPassword | strMessage |
| Juan | Perez | jperez@gmail.com | April | 6 | 1992 | Las Lomas | 507 | Choucair2021* | Choucair2021* | First, please check your email inbox | [Luis join today [luis clicks on button that shows the form to register, luis enters 'Juan' into where do we write the First name, luis enters 'Perez' into where do we write the Last name, luis enters 'jperez@gmail.com' into where do we write the Email, luis select April on where do we write the Birth Month, luis select 6 on where do we write the Birth Day, luis select 1992 on where do we write the Birth Year, luis clicks on select a language, luis clicks on button to confirm register], Luis add address [luis clicks on where do we write the City, luis enters 'Las Lomas' into where do we write the City, luis enters '507' into where do we write the City, luis clicks on select to choose a country, luis clicks on button to continue with the registration], Luis devices [luis clicks on select your computer, luis clicks on select version, luis clicks on select language, luis clicks on select your moblie device, luis clicks on select model, luis clicks on select operating system, luis clicks on button to continue with the last registration], Luis last sep [luis clicks on where do we write the password, luis enters 'Choucair2021*' into where do we write the password, luis enters 'Choucair2021*' into where do we write the confirm password, luis clicks on check to stay informed by mail, luis clicks on check the terms of condition]]
[Test worker] WARN net.thucydides.core.steps.BaseStepListener - stepStarted: net.thucydides.core.steps.ExecutedStepDescription@6257d83d
[Test worker] WARN net.thucydides.core.steps.BaseStepListener - stepFinished: current outcome:register on the utest page:Given than luis wants to register on the utest page [Luis open up [luis opens the Utest page]], When you access the utest page
| strFirstName | strLastName | strEmailAddress | strMonthBirth | intDayBirth | intYearBirth | strCity | strPostalCode | strPassword | strConfirmPassword | strMessage |
| Juan | Perez | jperez@gmail.com | April | 6 | 1992 | Las Lomas | 507 | Choucair2021* | Choucair2021* | First, please check your email inbox | [Luis join today [luis clicks on button that shows the form to register, luis enters 'Juan' into where do we write the First name, luis enters 'Perez' into where do we write the Last name, luis enters 'jperez@gmail.com' into where do we write the Email, luis select April on where do we write the Birth Month, luis select 6 on where do we write the Birth Day, luis select 1992 on where do we write the Birth Year, luis clicks on select a language, luis clicks on button to confirm register], Luis add address [luis clicks on where do we write the City, luis enters 'Las Lomas' into where do we write the City, luis enters '507' into where do we write the City, luis clicks on select to choose a country, luis clicks on button to continue with the registration], Luis devices [luis clicks on select your computer, luis clicks on select version, luis clicks on select language, luis clicks on select your moblie device, luis clicks on select model, luis clicks on select operating system, luis clicks on button to continue with the last registration], Luis last sep [luis clicks on where do we write the password, luis enters 'Choucair2021*' into where do we write the password, luis enters 'Choucair2021*' into where do we write the confirm password, luis clicks on check to stay informed by mail, luis clicks on check the terms of condition, luis clicks on check the privacy & security policy]]
[Test worker] WARN net.thucydides.core.steps.BaseStepListener - stepStarted: net.thucydides.core.steps.ExecutedStepDescription@75166c1c
[Test worker] WARN net.thucydides.core.steps.BaseStepListener - stepFinished: current outcome:register on the utest page:Given than luis wants to register on the utest page [Luis open up [luis opens the Utest page]], When you access the utest page
| strFirstName | strLastName | strEmailAddress | strMonthBirth | intDayBirth | intYearBirth | strCity | strPostalCode | strPassword | strConfirmPassword | strMessage |
| Juan | Perez | jperez@gmail.com | April | 6 | 1992 | Las Lomas | 507 | Choucair2021* | Choucair2021* | First, please check your email inbox | [Luis join today [luis clicks on button that shows the form to register, luis enters 'Juan' into where do we write the First name, luis enters 'Perez' into where do we write the Last name, luis enters 'jperez@gmail.com' into where do we write the Email, luis select April on where do we write the Birth Month, luis select 6 on where do we write the Birth Day, luis select 1992 on where do we write the Birth Year, luis clicks on select a language, luis clicks on button to confirm register], Luis add address [luis clicks on where do we write the City, luis enters 'Las Lomas' into where do we write the City, luis enters '507' into where do we write the City, luis clicks on select to choose a country, luis clicks on button to continue with the registration], Luis devices [luis clicks on select your computer, luis clicks on select version, luis clicks on select language, luis clicks on select your moblie device, luis clicks on select model, luis clicks on select operating system, luis clicks on button to continue with the last registration], Luis last sep [luis clicks on where do we write the password, luis enters 'Choucair2021*' into where do we write the password, luis enters 'Choucair2021*' into where do we write the confirm password, luis clicks on check to stay informed by mail, luis clicks on check the terms of condition, luis clicks on check the privacy & security policy, luis clicks on button to complete setup]]
[Test worker] WARN net.thucydides.core.steps.BaseStepListener - stepFinished: current outcome:register on the utest page:Given than luis wants to register on the utest page [Luis open up [luis opens the Utest page]], When you access the utest page
| strFirstName | strLastName | strEmailAddress | strMonthBirth | intDayBirth | intYearBirth | strCity | strPostalCode | strPassword | strConfirmPassword | strMessage |
| Juan | Perez | jperez@gmail.com | April | 6 | 1992 | Las Lomas | 507 | Choucair2021* | Choucair2021* | First, please check your email inbox | [Luis join today [luis clicks on button that shows the form to register, luis enters 'Juan' into where do we write the First name, luis enters 'Perez' into where do we write the Last name, luis enters 'jperez@gmail.com' into where do we write the Email, luis select April on where do we write the Birth Month, luis select 6 on where do we write the Birth Day, luis select 1992 on where do we write the Birth Year, luis clicks on select a language, luis clicks on button to confirm register], Luis add address [luis clicks on where do we write the City, luis enters 'Las Lomas' into where do we write the City, luis enters '507' into where do we write the City, luis clicks on select to choose a country, luis clicks on button to continue with the registration], Luis devices [luis clicks on select your computer, luis clicks on select version, luis clicks on select language, luis clicks on select your moblie device, luis clicks on select model, luis clicks on select operating system, luis clicks on button to continue with the last registration], Luis last sep [luis clicks on where do we write the password, luis enters 'Choucair2021*' into where do we write the password, luis enters 'Choucair2021*' into where do we write the confirm password, luis clicks on check to stay informed by mail, luis clicks on check the terms of condition, luis clicks on check the privacy & security policy, luis clicks on button to complete setup]]
[Test worker] WARN net.thucydides.core.steps.BaseStepListener - stepFinished: current outcome:register on the utest page:Given than luis wants to register on the utest page [Luis open up [luis opens the Utest page]], When you access the utest page
| strFirstName | strLastName | strEmailAddress | strMonthBirth | intDayBirth | intYearBirth | strCity | strPostalCode | strPassword | strConfirmPassword | strMessage |
| Juan | Perez | jperez@gmail.com | April | 6 | 1992 | Las Lomas | 507 | Choucair2021* | Choucair2021* | First, please check your email inbox | [Luis join today [luis clicks on button that shows the form to register, luis enters 'Juan' into where do we write the First name, luis enters 'Perez' into where do we write the Last name, luis enters 'jperez@gmail.com' into where do we write the Email, luis select April on where do we write the Birth Month, luis select 6 on where do we write the Birth Day, luis select 1992 on where do we write the Birth Year, luis clicks on select a language, luis clicks on button to confirm register], Luis add address [luis clicks on where do we write the City, luis enters 'Las Lomas' into where do we write the City, luis enters '507' into where do we write the City, luis clicks on select to choose a country, luis clicks on button to continue with the registration], Luis devices [luis clicks on select your computer, luis clicks on select version, luis clicks on select language, luis clicks on select your moblie device, luis clicks on select model, luis clicks on select operating system, luis clicks on button to continue with the last registration], Luis last sep [luis clicks on where do we write the password, luis enters 'Choucair2021*' into where do we write the password, luis enters 'Choucair2021*' into where do we write the confirm password, luis clicks on check to stay informed by mail, luis clicks on check the terms of condition, luis clicks on check the privacy & security policy, luis clicks on button to complete setup]]
[Test worker] WARN net.thucydides.core.steps.BaseStepListener - stepStarted: net.thucydides.core.steps.ExecutedStepDescription@6a17b671
[Test worker] WARN net.thucydides.core.steps.BaseStepListener - stepStarted: net.thucydides.core.steps.ExecutedStepDescription@2eb10418
[Test worker] WARN net.thucydides.core.steps.BaseStepListener - stepFinished: current outcome:register on the utest page:Given than luis wants to register on the utest page [Luis open up [luis opens the Utest page]], When you access the utest page
| strFirstName | strLastName | strEmailAddress | strMonthBirth | intDayBirth | intYearBirth | strCity | strPostalCode | strPassword | strConfirmPassword | strMessage |
| Juan | Perez | jperez@gmail.com | April | 6 | 1992 | Las Lomas | 507 | Choucair2021* | Choucair2021* | First, please check your email inbox | [Luis join today [luis clicks on button that shows the form to register, luis enters 'Juan' into where do we write the First name, luis enters 'Perez' into where do we write the Last name, luis enters 'jperez@gmail.com' into where do we write the Email, luis select April on where do we write the Birth Month, luis select 6 on where do we write the Birth Day, luis select 1992 on where do we write the Birth Year, luis clicks on select a language, luis clicks on button to confirm register], Luis add address [luis clicks on where do we write the City, luis enters 'Las Lomas' into where do we write the City, luis enters '507' into where do we write the City, luis clicks on select to choose a country, luis clicks on button to continue with the registration], Luis devices [luis clicks on select your computer, luis clicks on select version, luis clicks on select language, luis clicks on select your moblie device, luis clicks on select model, luis clicks on select operating system, luis clicks on button to continue with the last registration], Luis last sep [luis clicks on where do we write the password, luis enters 'Choucair2021*' into where do we write the password, luis enters 'Choucair2021*' into where do we write the confirm password, luis clicks on check to stay informed by mail, luis clicks on check the terms of condition, luis clicks on check the privacy & security policy, luis clicks on button to complete setup]], Then create a new user on the utest page [Then create user]
[Test worker] WARN net.thucydides.core.steps.BaseStepListener - stepFinished: current outcome:register on the utest page:Given than luis wants to register on the utest page [Luis open up [luis opens the Utest page]], When you access the utest page
| strFirstName | strLastName | strEmailAddress | strMonthBirth | intDayBirth | intYearBirth | strCity | strPostalCode | strPassword | strConfirmPassword | strMessage |
| Juan | Perez | jperez@gmail.com | April | 6 | 1992 | Las Lomas | 507 | Choucair2021* | Choucair2021* | First, please check your email inbox | [Luis join today [luis clicks on button that shows the form to register, luis enters 'Juan' into where do we write the First name, luis enters 'Perez' into where do we write the Last name, luis enters 'jperez@gmail.com' into where do we write the Email, luis select April on where do we write the Birth Month, luis select 6 on where do we write the Birth Day, luis select 1992 on where do we write the Birth Year, luis clicks on select a language, luis clicks on button to confirm register], Luis add address [luis clicks on where do we write the City, luis enters 'Las Lomas' into where do we write the City, luis enters '507' into where do we write the City, luis clicks on select to choose a country, luis clicks on button to continue with the registration], Luis devices [luis clicks on select your computer, luis clicks on select version, luis clicks on select language, luis clicks on select your moblie device, luis clicks on select model, luis clicks on select operating system, luis clicks on button to continue with the last registration], Luis last sep [luis clicks on where do we write the password, luis enters 'Choucair2021*' into where do we write the password, luis enters 'Choucair2021*' into where do we write the confirm password, luis clicks on check to stay informed by mail, luis clicks on check the terms of condition, luis clicks on check the privacy & security policy, luis clicks on button to complete setup]], Then create a new user on the utest page [Then create user]
[Test worker] WARN net.thucydides.core.steps.BaseStepListener - testFinished: register on the utest page:Given than luis wants to register on the utest page [Luis open up [luis opens the Utest page]], When you access the utest page
| strFirstName | strLastName | strEmailAddress | strMonthBirth | intDayBirth | intYearBirth | strCity | strPostalCode | strPassword | strConfirmPassword | strMessage |
| Juan | Perez | jperez@gmail.com | April | 6 | 1992 | Las Lomas | 507 | Choucair2021* | Choucair2021* | First, please check your email inbox | [Luis join today [luis clicks on button that shows the form to register, luis enters 'Juan' into where do we write the First name, luis enters 'Perez' into where do we write the Last name, luis enters 'jperez@gmail.com' into where do we write the Email, luis select April on where do we write the Birth Month, luis select 6 on where do we write the Birth Day, luis select 1992 on where do we write the Birth Year, luis clicks on select a language, luis clicks on button to confirm register], Luis add address [luis clicks on where do we write the City, luis enters 'Las Lomas' into where do we write the City, luis enters '507' into where do we write the City, luis clicks on select to choose a country, luis clicks on button to continue with the registration], Luis devices [luis clicks on select your computer, luis clicks on select version, luis clicks on select language, luis clicks on select your moblie device, luis clicks on select model, luis clicks on select operating system, luis clicks on button to continue with the last registration], Luis last sep [luis clicks on where do we write the password, luis enters 'Choucair2021*' into where do we write the password, luis enters 'Choucair2021*' into where do we write the confirm password, luis clicks on check to stay informed by mail, luis clicks on check the terms of condition, luis clicks on check the privacy & security policy, luis clicks on button to complete setup]], Then create a new user on the utest page [Then create user]
[Test worker] WARN net.thucydides.core.steps.BaseStepListener - TestOutcomes: [register on the utest page:Given than luis wants to register on the utest page [Luis open up [luis opens the Utest page]], When you access the utest page
| strFirstName | strLastName | strEmailAddress | strMonthBirth | intDayBirth | intYearBirth | strCity | strPostalCode | strPassword | strConfirmPassword | strMessage |
| Juan | Perez | jperez@gmail.com | April | 6 | 1992 | Las Lomas | 507 | Choucair2021* | Choucair2021* | First, please check your email inbox | [Luis join today [luis clicks on button that shows the form to register, luis enters 'Juan' into where do we write the First name, luis enters 'Perez' into where do we write the Last name, luis enters 'jperez@gmail.com' into where do we write the Email, luis select April on where do we write the Birth Month, luis select 6 on where do we write the Birth Day, luis select 1992 on where do we write the Birth Year, luis clicks on select a language, luis clicks on button to confirm register], Luis add address [luis clicks on where do we write the City, luis enters 'Las Lomas' into where do we write the City, luis enters '507' into where do we write the City, luis clicks on select to choose a country, luis clicks on button to continue with the registration], Luis devices [luis clicks on select your computer, luis clicks on select version, luis clicks on select language, luis clicks on select your moblie device, luis clicks on select model, luis clicks on select operating system, luis clicks on button to continue with the last registration], Luis last sep [luis clicks on where do we write the password, luis enters 'Choucair2021*' into where do we write the password, luis enters 'Choucair2021*' into where do we write the confirm password, luis clicks on check to stay informed by mail, luis clicks on check the terms of condition, luis clicks on check the privacy & security policy, luis clicks on button to complete setup]], Then create a new user on the utest page [Then create user]]
[Test worker] WARN net.thucydides.core.steps.BaseStepListener - Final testOutcomes: [register on the utest page:Given than luis wants to register on the utest page [Luis open up [luis opens the Utest page]], When you access the utest page
| strFirstName | strLastName | strEmailAddress | strMonthBirth | intDayBirth | intYearBirth | strCity | strPostalCode | strPassword | strConfirmPassword | strMessage |
| Juan | Perez | jperez@gmail.com | April | 6 | 1992 | Las Lomas | 507 | Choucair2021* | Choucair2021* | First, please check your email inbox | [Luis join today [luis clicks on button that shows the form to register, luis enters 'Juan' into where do we write the First name, luis enters 'Perez' into where do we write the Last name, luis enters 'jperez@gmail.com' into where do we write the Email, luis select April on where do we write the Birth Month, luis select 6 on where do we write the Birth Day, luis select 1992 on where do we write the Birth Year, luis clicks on select a language, luis clicks on button to confirm register], Luis add address [luis clicks on where do we write the City, luis enters 'Las Lomas' into where do we write the City, luis enters '507' into where do we write the City, luis clicks on select to choose a country, luis clicks on button to continue with the registration], Luis devices [luis clicks on select your computer, luis clicks on select version, luis clicks on select language, luis clicks on select your moblie device, luis clicks on select model, luis clicks on select operating system, luis clicks on button to continue with the last registration], Luis last sep [luis clicks on where do we write the password, luis enters 'Choucair2021*' into where do we write the password, luis enters 'Choucair2021*' into where do we write the confirm password, luis clicks on check to stay informed by mail, luis clicks on check the terms of condition, luis clicks on check the privacy & security policy, luis clicks on button to complete setup]], Then create a new user on the utest page [Then create user]]
[Test worker] INFO net.thucydides.core.steps.ConsoleLoggingListener - 
        __    _____ _____ ____ _____   ____   _    ____  ____  _____ ____  
  _     \ \  |_   _| ____/ ___|_   _| |  _ \ / \  / ___|/ ___|| ____|  _ \ 
 (_)_____| |   | | |  _| \___ \ | |   | |_) / _ \ \___ \\___ \|  _| | | | |
  _|_____| |   | | | |___ ___) || |   |  __/ ___ \ ___) |___) | |___| |_| |
 (_)     | |   |_| |_____|____/ |_|   |_| /_/   \_\____/|____/|_____|____/ 
        /_/                                                                

TEST PASSED: register on the utest page
----------------------------------------------------------------------------
]]></system-err>
</testsuite>
