<?xml version="1.0" encoding="UTF-8"?>
<testsuite name="Utest Page" tests="1" skipped="0" failures="1" errors="0" timestamp="2023-03-05T19:33:26" hostname="DESKTOP-8KSOOTC" time="102.83">
  <properties/>
  <testcase name="register on the utest page" classname="Utest Page" time="102.83">
    <failure message="java.lang.AssertionError: no such element: Unable to locate element: {&quot;method&quot;:&quot;xpath&quot;,&quot;selector&quot;:&quot;//p[@class='welcome-lead']/b[contains(text(),'First, please check your email inbox')]&quot;}&#10;  (Session info: chrome=110.0.5481.178)&#10;For documentation on this error, please visit: https://www.seleniumhq.org/exceptions/no_such_element.html&#10;Build info: version: '3.141.59', revision: 'e82be7d358', time: '2018-11-14T08:17:03'&#10;System info: host: 'DESKTOP-8KSOOTC', ip: '192.168.0.6', os.name: 'Windows 10', os.arch: 'amd64', os.version: '10.0', java.version: '1.8.0_202'&#10;Driver info: org.openqa.selenium.chrome.ChromeDriver&#10;Capabilities {acceptInsecureCerts: false, browserName: chrome, browserVersion: 110.0.5481.178, chrome: {chromedriverVersion: 110.0.5481.77 (65ed616c6e8e..., userDataDir: C:\Users\Dell\AppData\Local...}, goog:chromeOptions: {debuggerAddress: localhost:50136}, javascriptEnabled: true, networkConnectionEnabled: false, pageLoadStrategy: normal, platform: WINDOWS, platformName: WINDOWS, proxy: Proxy(), setWindowRect: true, strictFileInteractability: false, timeouts: {implicit: 0, pageLoad: 300000, script: 30000}, unhandledPromptBehavior: dismiss and notify, webauthn:extension:credBlob: true, webauthn:extension:largeBlob: true, webauthn:virtualAuthenticators: true}&#10;Session ID: 41b7108653ec4f5ab7cb4d78675166bf&#10;*** Element info: {Using=xpath, value=//p[@class='welcome-lead']/b[contains(text(),'First, please check your email inbox')]}" type="java.lang.AssertionError">java.lang.AssertionError: no such element: Unable to locate element: {&quot;method&quot;:&quot;xpath&quot;,&quot;selector&quot;:&quot;//p[@class='welcome-lead']/b[contains(text(),'First, please check your email inbox')]&quot;}
  (Session info: chrome=110.0.5481.178)
For documentation on this error, please visit: https://www.seleniumhq.org/exceptions/no_such_element.html
Build info: version: '3.141.59', revision: 'e82be7d358', time: '2018-11-14T08:17:03'
System info: host: 'DESKTOP-8KSOOTC', ip: '192.168.0.6', os.name: 'Windows 10', os.arch: 'amd64', os.version: '10.0', java.version: '1.8.0_202'
Driver info: org.openqa.selenium.chrome.ChromeDriver
Capabilities {acceptInsecureCerts: false, browserName: chrome, browserVersion: 110.0.5481.178, chrome: {chromedriverVersion: 110.0.5481.77 (65ed616c6e8e..., userDataDir: C:\Users\Dell\AppData\Local...}, goog:chromeOptions: {debuggerAddress: localhost:50136}, javascriptEnabled: true, networkConnectionEnabled: false, pageLoadStrategy: normal, platform: WINDOWS, platformName: WINDOWS, proxy: Proxy(), setWindowRect: true, strictFileInteractability: false, timeouts: {implicit: 0, pageLoad: 300000, script: 30000}, unhandledPromptBehavior: dismiss and notify, webauthn:extension:credBlob: true, webauthn:extension:largeBlob: true, webauthn:virtualAuthenticators: true}
Session ID: 41b7108653ec4f5ab7cb4d78675166bf
*** Element info: {Using=xpath, value=//p[@class='welcome-lead']/b[contains(text(),'First, please check your email inbox')]}
	at net.serenitybdd.screenplay.ErrorTally.throwSummaryExceptionFrom(ErrorTally.java:36)
	at net.serenitybdd.screenplay.ErrorTally.reportAnyErrors(ErrorTally.java:30)
	at net.serenitybdd.screenplay.Actor.should(Actor.java:301)
	at co.com.choucair.certification.reto.stepdefinitions.ChoucairAcademyStepDefinitions.createANewUserOnTheUtestPage(ChoucairAcademyStepDefinitions.java:41)
	at ✽.create a new user on the utest page(src/test/resources/features/academyChoucair.feature:14)
</failure>
  </testcase>
  <system-out><![CDATA[]]></system-out>
  <system-err><![CDATA[[Test worker] WARN net.thucydides.core.steps.BaseStepListener - stepStarted: net.thucydides.core.steps.ExecutedStepDescription@641eb66
[Test worker] WARN net.thucydides.core.steps.BaseStepListener - stepStarted: net.thucydides.core.steps.ExecutedStepDescription@7991278a
[Test worker] WARN net.thucydides.core.steps.BaseStepListener - stepStarted: net.thucydides.core.steps.ExecutedStepDescription@7b71abe4
mar 05, 2023 2:33:28 PM org.openqa.selenium.remote.DesiredCapabilities chrome
INFORMACIÓN: Using `new ChromeOptions()` is preferred to `DesiredCapabilities.chrome()`
[Test worker] INFO net.serenitybdd.core.webdriver.driverproviders.ProvideNewDriver - Instantiating driver
[Test worker] INFO net.serenitybdd.core.webdriver.driverproviders.ProvideNewDriver - Driver capabilities: Capabilities {acceptInsecureCerts: false, browserName: chrome, chrome.switches: --start-maximized, goog:chromeOptions: {args: [--start-maximized], extensions: []}, loggingPrefs: org.openqa.selenium.logging..., platform: ANY, version: }
Starting ChromeDriver 110.0.5481.77 (65ed616c6e8ee3fe0ad64fe83796c020644d42af-refs/branch-heads/5481@{#839}) on port 31816
Only local connections are allowed.
Please see https://chromedriver.chromium.org/security-considerations for suggestions on keeping ChromeDriver safe.
ChromeDriver was started successfully.
[1678044814.689][WARNING]: virtual void DevToolsClientImpl::AddListener(DevToolsEventListener *) subscribing a listener to the already connected DevToolsClient. Connection notification will not arrive.
mar 05, 2023 2:33:35 PM org.openqa.selenium.remote.ProtocolHandshake createSession
INFORMACIÓN: Detected dialect: W3C
[Test worker] WARN net.thucydides.core.steps.BaseStepListener - stepFinished: current outcome:register on the utest page:Given than luis wants to register on the utest page [Luis open up [luis opens the Utest page]]
[Test worker] WARN net.thucydides.core.steps.BaseStepListener - stepFinished: current outcome:register on the utest page:Given than luis wants to register on the utest page [Luis open up [luis opens the Utest page]]
[Test worker] WARN net.thucydides.core.steps.BaseStepListener - stepFinished: current outcome:register on the utest page:Given than luis wants to register on the utest page [Luis open up [luis opens the Utest page]]
[Test worker] WARN net.thucydides.core.steps.BaseStepListener - stepStarted: net.thucydides.core.steps.ExecutedStepDescription@74cecbad
[Test worker] WARN net.thucydides.core.steps.BaseStepListener - stepStarted: net.thucydides.core.steps.ExecutedStepDescription@1386086e
[Test worker] WARN net.thucydides.core.steps.BaseStepListener - stepStarted: net.thucydides.core.steps.ExecutedStepDescription@1dd1638
[Test worker] WARN net.thucydides.core.steps.BaseStepListener - stepFinished: current outcome:register on the utest page:Given than luis wants to register on the utest page [Luis open up [luis opens the Utest page]], When you access the utest page
| strFirstName | strLastName | strEmailAddress | strMonthBirth | intDayBirth | intYearBirth | strCity | strPostalCode | strPassword | strConfirmPassword | strMessage |
| Frederick | Starck | ricki@gmail.com | April | 6 | 1992 | Las Lomas | 507 | Choucair2021* | Choucair2021* | First, please check your email inbox | [Luis join today [luis clicks on button that shows the form to register]]
[Test worker] WARN net.thucydides.core.steps.BaseStepListener - stepStarted: net.thucydides.core.steps.ExecutedStepDescription@72abc8c
[Test worker] WARN net.thucydides.core.steps.BaseStepListener - stepFinished: current outcome:register on the utest page:Given than luis wants to register on the utest page [Luis open up [luis opens the Utest page]], When you access the utest page
| strFirstName | strLastName | strEmailAddress | strMonthBirth | intDayBirth | intYearBirth | strCity | strPostalCode | strPassword | strConfirmPassword | strMessage |
| Frederick | Starck | ricki@gmail.com | April | 6 | 1992 | Las Lomas | 507 | Choucair2021* | Choucair2021* | First, please check your email inbox | [Luis join today [luis clicks on button that shows the form to register, luis enters 'Frederick' into where do we write the First name]]
[Test worker] WARN net.thucydides.core.steps.BaseStepListener - stepStarted: net.thucydides.core.steps.ExecutedStepDescription@237ab0e8
[Test worker] WARN net.thucydides.core.steps.BaseStepListener - stepFinished: current outcome:register on the utest page:Given than luis wants to register on the utest page [Luis open up [luis opens the Utest page]], When you access the utest page
| strFirstName | strLastName | strEmailAddress | strMonthBirth | intDayBirth | intYearBirth | strCity | strPostalCode | strPassword | strConfirmPassword | strMessage |
| Frederick | Starck | ricki@gmail.com | April | 6 | 1992 | Las Lomas | 507 | Choucair2021* | Choucair2021* | First, please check your email inbox | [Luis join today [luis clicks on button that shows the form to register, luis enters 'Frederick' into where do we write the First name, luis enters 'Starck' into where do we write the Last name]]
[Test worker] WARN net.thucydides.core.steps.BaseStepListener - stepStarted: net.thucydides.core.steps.ExecutedStepDescription@14d00262
[Test worker] WARN net.thucydides.core.steps.BaseStepListener - stepFinished: current outcome:register on the utest page:Given than luis wants to register on the utest page [Luis open up [luis opens the Utest page]], When you access the utest page
| strFirstName | strLastName | strEmailAddress | strMonthBirth | intDayBirth | intYearBirth | strCity | strPostalCode | strPassword | strConfirmPassword | strMessage |
| Frederick | Starck | ricki@gmail.com | April | 6 | 1992 | Las Lomas | 507 | Choucair2021* | Choucair2021* | First, please check your email inbox | [Luis join today [luis clicks on button that shows the form to register, luis enters 'Frederick' into where do we write the First name, luis enters 'Starck' into where do we write the Last name, luis enters 'ricki@gmail.com' into where do we write the Email]]
[Test worker] WARN net.thucydides.core.steps.BaseStepListener - stepStarted: net.thucydides.core.steps.ExecutedStepDescription@7de3efeb
[Test worker] WARN net.thucydides.core.steps.BaseStepListener - stepFinished: current outcome:register on the utest page:Given than luis wants to register on the utest page [Luis open up [luis opens the Utest page]], When you access the utest page
| strFirstName | strLastName | strEmailAddress | strMonthBirth | intDayBirth | intYearBirth | strCity | strPostalCode | strPassword | strConfirmPassword | strMessage |
| Frederick | Starck | ricki@gmail.com | April | 6 | 1992 | Las Lomas | 507 | Choucair2021* | Choucair2021* | First, please check your email inbox | [Luis join today [luis clicks on button that shows the form to register, luis enters 'Frederick' into where do we write the First name, luis enters 'Starck' into where do we write the Last name, luis enters 'ricki@gmail.com' into where do we write the Email, luis select April on where do we write the Birth Month]]
[Test worker] WARN net.thucydides.core.steps.BaseStepListener - stepStarted: net.thucydides.core.steps.ExecutedStepDescription@7c774dd
[Test worker] WARN net.thucydides.core.steps.BaseStepListener - stepFinished: current outcome:register on the utest page:Given than luis wants to register on the utest page [Luis open up [luis opens the Utest page]], When you access the utest page
| strFirstName | strLastName | strEmailAddress | strMonthBirth | intDayBirth | intYearBirth | strCity | strPostalCode | strPassword | strConfirmPassword | strMessage |
| Frederick | Starck | ricki@gmail.com | April | 6 | 1992 | Las Lomas | 507 | Choucair2021* | Choucair2021* | First, please check your email inbox | [Luis join today [luis clicks on button that shows the form to register, luis enters 'Frederick' into where do we write the First name, luis enters 'Starck' into where do we write the Last name, luis enters 'ricki@gmail.com' into where do we write the Email, luis select April on where do we write the Birth Month, luis select 6 on where do we write the Birth Day]]
[Test worker] WARN net.thucydides.core.steps.BaseStepListener - stepStarted: net.thucydides.core.steps.ExecutedStepDescription@7ba9608f
[Test worker] WARN net.thucydides.core.steps.BaseStepListener - stepFinished: current outcome:register on the utest page:Given than luis wants to register on the utest page [Luis open up [luis opens the Utest page]], When you access the utest page
| strFirstName | strLastName | strEmailAddress | strMonthBirth | intDayBirth | intYearBirth | strCity | strPostalCode | strPassword | strConfirmPassword | strMessage |
| Frederick | Starck | ricki@gmail.com | April | 6 | 1992 | Las Lomas | 507 | Choucair2021* | Choucair2021* | First, please check your email inbox | [Luis join today [luis clicks on button that shows the form to register, luis enters 'Frederick' into where do we write the First name, luis enters 'Starck' into where do we write the Last name, luis enters 'ricki@gmail.com' into where do we write the Email, luis select April on where do we write the Birth Month, luis select 6 on where do we write the Birth Day, luis select 1992 on where do we write the Birth Year]]
[Test worker] WARN net.thucydides.core.steps.BaseStepListener - stepStarted: net.thucydides.core.steps.ExecutedStepDescription@1431b983
[Test worker] WARN net.thucydides.core.steps.BaseStepListener - stepFinished: current outcome:register on the utest page:Given than luis wants to register on the utest page [Luis open up [luis opens the Utest page]], When you access the utest page
| strFirstName | strLastName | strEmailAddress | strMonthBirth | intDayBirth | intYearBirth | strCity | strPostalCode | strPassword | strConfirmPassword | strMessage |
| Frederick | Starck | ricki@gmail.com | April | 6 | 1992 | Las Lomas | 507 | Choucair2021* | Choucair2021* | First, please check your email inbox | [Luis join today [luis clicks on button that shows the form to register, luis enters 'Frederick' into where do we write the First name, luis enters 'Starck' into where do we write the Last name, luis enters 'ricki@gmail.com' into where do we write the Email, luis select April on where do we write the Birth Month, luis select 6 on where do we write the Birth Day, luis select 1992 on where do we write the Birth Year, luis clicks on select a language]]
[Test worker] WARN net.thucydides.core.steps.BaseStepListener - stepStarted: net.thucydides.core.steps.ExecutedStepDescription@13301676
[Test worker] WARN net.thucydides.core.steps.BaseStepListener - stepFinished: current outcome:register on the utest page:Given than luis wants to register on the utest page [Luis open up [luis opens the Utest page]], When you access the utest page
| strFirstName | strLastName | strEmailAddress | strMonthBirth | intDayBirth | intYearBirth | strCity | strPostalCode | strPassword | strConfirmPassword | strMessage |
| Frederick | Starck | ricki@gmail.com | April | 6 | 1992 | Las Lomas | 507 | Choucair2021* | Choucair2021* | First, please check your email inbox | [Luis join today [luis clicks on button that shows the form to register, luis enters 'Frederick' into where do we write the First name, luis enters 'Starck' into where do we write the Last name, luis enters 'ricki@gmail.com' into where do we write the Email, luis select April on where do we write the Birth Month, luis select 6 on where do we write the Birth Day, luis select 1992 on where do we write the Birth Year, luis clicks on select a language, luis clicks on button to confirm register]]
[Test worker] WARN net.thucydides.core.steps.BaseStepListener - stepFinished: current outcome:register on the utest page:Given than luis wants to register on the utest page [Luis open up [luis opens the Utest page]], When you access the utest page
| strFirstName | strLastName | strEmailAddress | strMonthBirth | intDayBirth | intYearBirth | strCity | strPostalCode | strPassword | strConfirmPassword | strMessage |
| Frederick | Starck | ricki@gmail.com | April | 6 | 1992 | Las Lomas | 507 | Choucair2021* | Choucair2021* | First, please check your email inbox | [Luis join today [luis clicks on button that shows the form to register, luis enters 'Frederick' into where do we write the First name, luis enters 'Starck' into where do we write the Last name, luis enters 'ricki@gmail.com' into where do we write the Email, luis select April on where do we write the Birth Month, luis select 6 on where do we write the Birth Day, luis select 1992 on where do we write the Birth Year, luis clicks on select a language, luis clicks on button to confirm register]]
[Test worker] WARN net.thucydides.core.steps.BaseStepListener - stepStarted: net.thucydides.core.steps.ExecutedStepDescription@a9c8e72
[Test worker] WARN net.thucydides.core.steps.BaseStepListener - stepStarted: net.thucydides.core.steps.ExecutedStepDescription@68588567
[Test worker] WARN net.thucydides.core.steps.BaseStepListener - stepFinished: current outcome:register on the utest page:Given than luis wants to register on the utest page [Luis open up [luis opens the Utest page]], When you access the utest page
| strFirstName | strLastName | strEmailAddress | strMonthBirth | intDayBirth | intYearBirth | strCity | strPostalCode | strPassword | strConfirmPassword | strMessage |
| Frederick | Starck | ricki@gmail.com | April | 6 | 1992 | Las Lomas | 507 | Choucair2021* | Choucair2021* | First, please check your email inbox | [Luis join today [luis clicks on button that shows the form to register, luis enters 'Frederick' into where do we write the First name, luis enters 'Starck' into where do we write the Last name, luis enters 'ricki@gmail.com' into where do we write the Email, luis select April on where do we write the Birth Month, luis select 6 on where do we write the Birth Day, luis select 1992 on where do we write the Birth Year, luis clicks on select a language, luis clicks on button to confirm register], Luis add address [luis clicks on where do we write the City]]
[Test worker] WARN net.thucydides.core.steps.BaseStepListener - stepStarted: net.thucydides.core.steps.ExecutedStepDescription@20ae753a
[Test worker] WARN net.thucydides.core.steps.BaseStepListener - stepFinished: current outcome:register on the utest page:Given than luis wants to register on the utest page [Luis open up [luis opens the Utest page]], When you access the utest page
| strFirstName | strLastName | strEmailAddress | strMonthBirth | intDayBirth | intYearBirth | strCity | strPostalCode | strPassword | strConfirmPassword | strMessage |
| Frederick | Starck | ricki@gmail.com | April | 6 | 1992 | Las Lomas | 507 | Choucair2021* | Choucair2021* | First, please check your email inbox | [Luis join today [luis clicks on button that shows the form to register, luis enters 'Frederick' into where do we write the First name, luis enters 'Starck' into where do we write the Last name, luis enters 'ricki@gmail.com' into where do we write the Email, luis select April on where do we write the Birth Month, luis select 6 on where do we write the Birth Day, luis select 1992 on where do we write the Birth Year, luis clicks on select a language, luis clicks on button to confirm register], Luis add address [luis clicks on where do we write the City, luis enters 'Las Lomas' into where do we write the City]]
[Test worker] WARN net.thucydides.core.steps.BaseStepListener - stepStarted: net.thucydides.core.steps.ExecutedStepDescription@1aaca6a5
[Test worker] WARN net.thucydides.core.steps.BaseStepListener - stepFinished: current outcome:register on the utest page:Given than luis wants to register on the utest page [Luis open up [luis opens the Utest page]], When you access the utest page
| strFirstName | strLastName | strEmailAddress | strMonthBirth | intDayBirth | intYearBirth | strCity | strPostalCode | strPassword | strConfirmPassword | strMessage |
| Frederick | Starck | ricki@gmail.com | April | 6 | 1992 | Las Lomas | 507 | Choucair2021* | Choucair2021* | First, please check your email inbox | [Luis join today [luis clicks on button that shows the form to register, luis enters 'Frederick' into where do we write the First name, luis enters 'Starck' into where do we write the Last name, luis enters 'ricki@gmail.com' into where do we write the Email, luis select April on where do we write the Birth Month, luis select 6 on where do we write the Birth Day, luis select 1992 on where do we write the Birth Year, luis clicks on select a language, luis clicks on button to confirm register], Luis add address [luis clicks on where do we write the City, luis enters 'Las Lomas' into where do we write the City, luis types 'ARROW_DOWN' in where do we write the City]]
[Test worker] WARN net.thucydides.core.steps.BaseStepListener - stepStarted: net.thucydides.core.steps.ExecutedStepDescription@3abfc8d6
[Test worker] WARN net.thucydides.core.steps.BaseStepListener - stepFinished: current outcome:register on the utest page:Given than luis wants to register on the utest page [Luis open up [luis opens the Utest page]], When you access the utest page
| strFirstName | strLastName | strEmailAddress | strMonthBirth | intDayBirth | intYearBirth | strCity | strPostalCode | strPassword | strConfirmPassword | strMessage |
| Frederick | Starck | ricki@gmail.com | April | 6 | 1992 | Las Lomas | 507 | Choucair2021* | Choucair2021* | First, please check your email inbox | [Luis join today [luis clicks on button that shows the form to register, luis enters 'Frederick' into where do we write the First name, luis enters 'Starck' into where do we write the Last name, luis enters 'ricki@gmail.com' into where do we write the Email, luis select April on where do we write the Birth Month, luis select 6 on where do we write the Birth Day, luis select 1992 on where do we write the Birth Year, luis clicks on select a language, luis clicks on button to confirm register], Luis add address [luis clicks on where do we write the City, luis enters 'Las Lomas' into where do we write the City, luis types 'ARROW_DOWN' in where do we write the City, luis types 'ENTER' in where do we write the City]]
[Test worker] WARN net.thucydides.core.steps.BaseStepListener - stepStarted: net.thucydides.core.steps.ExecutedStepDescription@5431a3f9
[Test worker] WARN net.thucydides.core.steps.BaseStepListener - stepFinished: current outcome:register on the utest page:Given than luis wants to register on the utest page [Luis open up [luis opens the Utest page]], When you access the utest page
| strFirstName | strLastName | strEmailAddress | strMonthBirth | intDayBirth | intYearBirth | strCity | strPostalCode | strPassword | strConfirmPassword | strMessage |
| Frederick | Starck | ricki@gmail.com | April | 6 | 1992 | Las Lomas | 507 | Choucair2021* | Choucair2021* | First, please check your email inbox | [Luis join today [luis clicks on button that shows the form to register, luis enters 'Frederick' into where do we write the First name, luis enters 'Starck' into where do we write the Last name, luis enters 'ricki@gmail.com' into where do we write the Email, luis select April on where do we write the Birth Month, luis select 6 on where do we write the Birth Day, luis select 1992 on where do we write the Birth Year, luis clicks on select a language, luis clicks on button to confirm register], Luis add address [luis clicks on where do we write the City, luis enters 'Las Lomas' into where do we write the City, luis types 'ARROW_DOWN' in where do we write the City, luis types 'ENTER' in where do we write the City, luis enters '507' into where do we write the City]]
[Test worker] WARN net.thucydides.core.steps.BaseStepListener - stepStarted: net.thucydides.core.steps.ExecutedStepDescription@735caebc
[Test worker] WARN net.thucydides.core.steps.BaseStepListener - stepFinished: current outcome:register on the utest page:Given than luis wants to register on the utest page [Luis open up [luis opens the Utest page]], When you access the utest page
| strFirstName | strLastName | strEmailAddress | strMonthBirth | intDayBirth | intYearBirth | strCity | strPostalCode | strPassword | strConfirmPassword | strMessage |
| Frederick | Starck | ricki@gmail.com | April | 6 | 1992 | Las Lomas | 507 | Choucair2021* | Choucair2021* | First, please check your email inbox | [Luis join today [luis clicks on button that shows the form to register, luis enters 'Frederick' into where do we write the First name, luis enters 'Starck' into where do we write the Last name, luis enters 'ricki@gmail.com' into where do we write the Email, luis select April on where do we write the Birth Month, luis select 6 on where do we write the Birth Day, luis select 1992 on where do we write the Birth Year, luis clicks on select a language, luis clicks on button to confirm register], Luis add address [luis clicks on where do we write the City, luis enters 'Las Lomas' into where do we write the City, luis types 'ARROW_DOWN' in where do we write the City, luis types 'ENTER' in where do we write the City, luis enters '507' into where do we write the City, luis clicks on select to choose a country]]
[Test worker] WARN net.thucydides.core.steps.BaseStepListener - stepStarted: net.thucydides.core.steps.ExecutedStepDescription@69b1c2b4
[Test worker] WARN net.thucydides.core.steps.BaseStepListener - stepFinished: current outcome:register on the utest page:Given than luis wants to register on the utest page [Luis open up [luis opens the Utest page]], When you access the utest page
| strFirstName | strLastName | strEmailAddress | strMonthBirth | intDayBirth | intYearBirth | strCity | strPostalCode | strPassword | strConfirmPassword | strMessage |
| Frederick | Starck | ricki@gmail.com | April | 6 | 1992 | Las Lomas | 507 | Choucair2021* | Choucair2021* | First, please check your email inbox | [Luis join today [luis clicks on button that shows the form to register, luis enters 'Frederick' into where do we write the First name, luis enters 'Starck' into where do we write the Last name, luis enters 'ricki@gmail.com' into where do we write the Email, luis select April on where do we write the Birth Month, luis select 6 on where do we write the Birth Day, luis select 1992 on where do we write the Birth Year, luis clicks on select a language, luis clicks on button to confirm register], Luis add address [luis clicks on where do we write the City, luis enters 'Las Lomas' into where do we write the City, luis types 'ARROW_DOWN' in where do we write the City, luis types 'ENTER' in where do we write the City, luis enters '507' into where do we write the City, luis clicks on select to choose a country, luis clicks on button to continue with the registration]]
[Test worker] WARN net.thucydides.core.steps.BaseStepListener - stepFinished: current outcome:register on the utest page:Given than luis wants to register on the utest page [Luis open up [luis opens the Utest page]], When you access the utest page
| strFirstName | strLastName | strEmailAddress | strMonthBirth | intDayBirth | intYearBirth | strCity | strPostalCode | strPassword | strConfirmPassword | strMessage |
| Frederick | Starck | ricki@gmail.com | April | 6 | 1992 | Las Lomas | 507 | Choucair2021* | Choucair2021* | First, please check your email inbox | [Luis join today [luis clicks on button that shows the form to register, luis enters 'Frederick' into where do we write the First name, luis enters 'Starck' into where do we write the Last name, luis enters 'ricki@gmail.com' into where do we write the Email, luis select April on where do we write the Birth Month, luis select 6 on where do we write the Birth Day, luis select 1992 on where do we write the Birth Year, luis clicks on select a language, luis clicks on button to confirm register], Luis add address [luis clicks on where do we write the City, luis enters 'Las Lomas' into where do we write the City, luis types 'ARROW_DOWN' in where do we write the City, luis types 'ENTER' in where do we write the City, luis enters '507' into where do we write the City, luis clicks on select to choose a country, luis clicks on button to continue with the registration]]
[Test worker] WARN net.thucydides.core.steps.BaseStepListener - stepStarted: net.thucydides.core.steps.ExecutedStepDescription@6d0f36c1
[Test worker] WARN net.thucydides.core.steps.BaseStepListener - stepStarted: net.thucydides.core.steps.ExecutedStepDescription@16e085e2
[Test worker] WARN net.thucydides.core.steps.BaseStepListener - stepFinished: current outcome:register on the utest page:Given than luis wants to register on the utest page [Luis open up [luis opens the Utest page]], When you access the utest page
| strFirstName | strLastName | strEmailAddress | strMonthBirth | intDayBirth | intYearBirth | strCity | strPostalCode | strPassword | strConfirmPassword | strMessage |
| Frederick | Starck | ricki@gmail.com | April | 6 | 1992 | Las Lomas | 507 | Choucair2021* | Choucair2021* | First, please check your email inbox | [Luis join today [luis clicks on button that shows the form to register, luis enters 'Frederick' into where do we write the First name, luis enters 'Starck' into where do we write the Last name, luis enters 'ricki@gmail.com' into where do we write the Email, luis select April on where do we write the Birth Month, luis select 6 on where do we write the Birth Day, luis select 1992 on where do we write the Birth Year, luis clicks on select a language, luis clicks on button to confirm register], Luis add address [luis clicks on where do we write the City, luis enters 'Las Lomas' into where do we write the City, luis types 'ARROW_DOWN' in where do we write the City, luis types 'ENTER' in where do we write the City, luis enters '507' into where do we write the City, luis clicks on select to choose a country, luis clicks on button to continue with the registration], Luis devices [luis clicks on select your computer]]
[Test worker] WARN net.thucydides.core.steps.BaseStepListener - stepStarted: net.thucydides.core.steps.ExecutedStepDescription@257f50ce
[Test worker] WARN net.thucydides.core.steps.BaseStepListener - stepFinished: current outcome:register on the utest page:Given than luis wants to register on the utest page [Luis open up [luis opens the Utest page]], When you access the utest page
| strFirstName | strLastName | strEmailAddress | strMonthBirth | intDayBirth | intYearBirth | strCity | strPostalCode | strPassword | strConfirmPassword | strMessage |
| Frederick | Starck | ricki@gmail.com | April | 6 | 1992 | Las Lomas | 507 | Choucair2021* | Choucair2021* | First, please check your email inbox | [Luis join today [luis clicks on button that shows the form to register, luis enters 'Frederick' into where do we write the First name, luis enters 'Starck' into where do we write the Last name, luis enters 'ricki@gmail.com' into where do we write the Email, luis select April on where do we write the Birth Month, luis select 6 on where do we write the Birth Day, luis select 1992 on where do we write the Birth Year, luis clicks on select a language, luis clicks on button to confirm register], Luis add address [luis clicks on where do we write the City, luis enters 'Las Lomas' into where do we write the City, luis types 'ARROW_DOWN' in where do we write the City, luis types 'ENTER' in where do we write the City, luis enters '507' into where do we write the City, luis clicks on select to choose a country, luis clicks on button to continue with the registration], Luis devices [luis clicks on select your computer, luis clicks on select version]]
[Test worker] WARN net.thucydides.core.steps.BaseStepListener - stepStarted: net.thucydides.core.steps.ExecutedStepDescription@406b0dea
[Test worker] WARN net.thucydides.core.steps.BaseStepListener - stepFinished: current outcome:register on the utest page:Given than luis wants to register on the utest page [Luis open up [luis opens the Utest page]], When you access the utest page
| strFirstName | strLastName | strEmailAddress | strMonthBirth | intDayBirth | intYearBirth | strCity | strPostalCode | strPassword | strConfirmPassword | strMessage |
| Frederick | Starck | ricki@gmail.com | April | 6 | 1992 | Las Lomas | 507 | Choucair2021* | Choucair2021* | First, please check your email inbox | [Luis join today [luis clicks on button that shows the form to register, luis enters 'Frederick' into where do we write the First name, luis enters 'Starck' into where do we write the Last name, luis enters 'ricki@gmail.com' into where do we write the Email, luis select April on where do we write the Birth Month, luis select 6 on where do we write the Birth Day, luis select 1992 on where do we write the Birth Year, luis clicks on select a language, luis clicks on button to confirm register], Luis add address [luis clicks on where do we write the City, luis enters 'Las Lomas' into where do we write the City, luis types 'ARROW_DOWN' in where do we write the City, luis types 'ENTER' in where do we write the City, luis enters '507' into where do we write the City, luis clicks on select to choose a country, luis clicks on button to continue with the registration], Luis devices [luis clicks on select your computer, luis clicks on select version, luis clicks on select language]]
[Test worker] WARN net.thucydides.core.steps.BaseStepListener - stepStarted: net.thucydides.core.steps.ExecutedStepDescription@764af3da
[Test worker] WARN net.thucydides.core.steps.BaseStepListener - stepFinished: current outcome:register on the utest page:Given than luis wants to register on the utest page [Luis open up [luis opens the Utest page]], When you access the utest page
| strFirstName | strLastName | strEmailAddress | strMonthBirth | intDayBirth | intYearBirth | strCity | strPostalCode | strPassword | strConfirmPassword | strMessage |
| Frederick | Starck | ricki@gmail.com | April | 6 | 1992 | Las Lomas | 507 | Choucair2021* | Choucair2021* | First, please check your email inbox | [Luis join today [luis clicks on button that shows the form to register, luis enters 'Frederick' into where do we write the First name, luis enters 'Starck' into where do we write the Last name, luis enters 'ricki@gmail.com' into where do we write the Email, luis select April on where do we write the Birth Month, luis select 6 on where do we write the Birth Day, luis select 1992 on where do we write the Birth Year, luis clicks on select a language, luis clicks on button to confirm register], Luis add address [luis clicks on where do we write the City, luis enters 'Las Lomas' into where do we write the City, luis types 'ARROW_DOWN' in where do we write the City, luis types 'ENTER' in where do we write the City, luis enters '507' into where do we write the City, luis clicks on select to choose a country, luis clicks on button to continue with the registration], Luis devices [luis clicks on select your computer, luis clicks on select version, luis clicks on select language, luis clicks on select your moblie device]]
[Test worker] WARN net.thucydides.core.steps.BaseStepListener - stepStarted: net.thucydides.core.steps.ExecutedStepDescription@acfb324
[Test worker] WARN net.thucydides.core.steps.BaseStepListener - stepFinished: current outcome:register on the utest page:Given than luis wants to register on the utest page [Luis open up [luis opens the Utest page]], When you access the utest page
| strFirstName | strLastName | strEmailAddress | strMonthBirth | intDayBirth | intYearBirth | strCity | strPostalCode | strPassword | strConfirmPassword | strMessage |
| Frederick | Starck | ricki@gmail.com | April | 6 | 1992 | Las Lomas | 507 | Choucair2021* | Choucair2021* | First, please check your email inbox | [Luis join today [luis clicks on button that shows the form to register, luis enters 'Frederick' into where do we write the First name, luis enters 'Starck' into where do we write the Last name, luis enters 'ricki@gmail.com' into where do we write the Email, luis select April on where do we write the Birth Month, luis select 6 on where do we write the Birth Day, luis select 1992 on where do we write the Birth Year, luis clicks on select a language, luis clicks on button to confirm register], Luis add address [luis clicks on where do we write the City, luis enters 'Las Lomas' into where do we write the City, luis types 'ARROW_DOWN' in where do we write the City, luis types 'ENTER' in where do we write the City, luis enters '507' into where do we write the City, luis clicks on select to choose a country, luis clicks on button to continue with the registration], Luis devices [luis clicks on select your computer, luis clicks on select version, luis clicks on select language, luis clicks on select your moblie device, luis clicks on select model]]
[Test worker] WARN net.thucydides.core.steps.BaseStepListener - stepStarted: net.thucydides.core.steps.ExecutedStepDescription@7372617f
[Test worker] WARN net.thucydides.core.steps.BaseStepListener - stepFinished: current outcome:register on the utest page:Given than luis wants to register on the utest page [Luis open up [luis opens the Utest page]], When you access the utest page
| strFirstName | strLastName | strEmailAddress | strMonthBirth | intDayBirth | intYearBirth | strCity | strPostalCode | strPassword | strConfirmPassword | strMessage |
| Frederick | Starck | ricki@gmail.com | April | 6 | 1992 | Las Lomas | 507 | Choucair2021* | Choucair2021* | First, please check your email inbox | [Luis join today [luis clicks on button that shows the form to register, luis enters 'Frederick' into where do we write the First name, luis enters 'Starck' into where do we write the Last name, luis enters 'ricki@gmail.com' into where do we write the Email, luis select April on where do we write the Birth Month, luis select 6 on where do we write the Birth Day, luis select 1992 on where do we write the Birth Year, luis clicks on select a language, luis clicks on button to confirm register], Luis add address [luis clicks on where do we write the City, luis enters 'Las Lomas' into where do we write the City, luis types 'ARROW_DOWN' in where do we write the City, luis types 'ENTER' in where do we write the City, luis enters '507' into where do we write the City, luis clicks on select to choose a country, luis clicks on button to continue with the registration], Luis devices [luis clicks on select your computer, luis clicks on select version, luis clicks on select language, luis clicks on select your moblie device, luis clicks on select model, luis clicks on select operating system]]
[Test worker] WARN net.thucydides.core.steps.BaseStepListener - stepStarted: net.thucydides.core.steps.ExecutedStepDescription@44b915c3
[Test worker] WARN net.thucydides.core.steps.BaseStepListener - stepFinished: current outcome:register on the utest page:Given than luis wants to register on the utest page [Luis open up [luis opens the Utest page]], When you access the utest page
| strFirstName | strLastName | strEmailAddress | strMonthBirth | intDayBirth | intYearBirth | strCity | strPostalCode | strPassword | strConfirmPassword | strMessage |
| Frederick | Starck | ricki@gmail.com | April | 6 | 1992 | Las Lomas | 507 | Choucair2021* | Choucair2021* | First, please check your email inbox | [Luis join today [luis clicks on button that shows the form to register, luis enters 'Frederick' into where do we write the First name, luis enters 'Starck' into where do we write the Last name, luis enters 'ricki@gmail.com' into where do we write the Email, luis select April on where do we write the Birth Month, luis select 6 on where do we write the Birth Day, luis select 1992 on where do we write the Birth Year, luis clicks on select a language, luis clicks on button to confirm register], Luis add address [luis clicks on where do we write the City, luis enters 'Las Lomas' into where do we write the City, luis types 'ARROW_DOWN' in where do we write the City, luis types 'ENTER' in where do we write the City, luis enters '507' into where do we write the City, luis clicks on select to choose a country, luis clicks on button to continue with the registration], Luis devices [luis clicks on select your computer, luis clicks on select version, luis clicks on select language, luis clicks on select your moblie device, luis clicks on select model, luis clicks on select operating system, luis clicks on button to continue with the last registration]]
[Test worker] WARN net.thucydides.core.steps.BaseStepListener - stepFinished: current outcome:register on the utest page:Given than luis wants to register on the utest page [Luis open up [luis opens the Utest page]], When you access the utest page
| strFirstName | strLastName | strEmailAddress | strMonthBirth | intDayBirth | intYearBirth | strCity | strPostalCode | strPassword | strConfirmPassword | strMessage |
| Frederick | Starck | ricki@gmail.com | April | 6 | 1992 | Las Lomas | 507 | Choucair2021* | Choucair2021* | First, please check your email inbox | [Luis join today [luis clicks on button that shows the form to register, luis enters 'Frederick' into where do we write the First name, luis enters 'Starck' into where do we write the Last name, luis enters 'ricki@gmail.com' into where do we write the Email, luis select April on where do we write the Birth Month, luis select 6 on where do we write the Birth Day, luis select 1992 on where do we write the Birth Year, luis clicks on select a language, luis clicks on button to confirm register], Luis add address [luis clicks on where do we write the City, luis enters 'Las Lomas' into where do we write the City, luis types 'ARROW_DOWN' in where do we write the City, luis types 'ENTER' in where do we write the City, luis enters '507' into where do we write the City, luis clicks on select to choose a country, luis clicks on button to continue with the registration], Luis devices [luis clicks on select your computer, luis clicks on select version, luis clicks on select language, luis clicks on select your moblie device, luis clicks on select model, luis clicks on select operating system, luis clicks on button to continue with the last registration]]
[Test worker] WARN net.thucydides.core.steps.BaseStepListener - stepStarted: net.thucydides.core.steps.ExecutedStepDescription@58d3df50
[Test worker] WARN net.thucydides.core.steps.BaseStepListener - stepStarted: net.thucydides.core.steps.ExecutedStepDescription@524b4a28
[Test worker] WARN net.thucydides.core.steps.BaseStepListener - stepFinished: current outcome:register on the utest page:Given than luis wants to register on the utest page [Luis open up [luis opens the Utest page]], When you access the utest page
| strFirstName | strLastName | strEmailAddress | strMonthBirth | intDayBirth | intYearBirth | strCity | strPostalCode | strPassword | strConfirmPassword | strMessage |
| Frederick | Starck | ricki@gmail.com | April | 6 | 1992 | Las Lomas | 507 | Choucair2021* | Choucair2021* | First, please check your email inbox | [Luis join today [luis clicks on button that shows the form to register, luis enters 'Frederick' into where do we write the First name, luis enters 'Starck' into where do we write the Last name, luis enters 'ricki@gmail.com' into where do we write the Email, luis select April on where do we write the Birth Month, luis select 6 on where do we write the Birth Day, luis select 1992 on where do we write the Birth Year, luis clicks on select a language, luis clicks on button to confirm register], Luis add address [luis clicks on where do we write the City, luis enters 'Las Lomas' into where do we write the City, luis types 'ARROW_DOWN' in where do we write the City, luis types 'ENTER' in where do we write the City, luis enters '507' into where do we write the City, luis clicks on select to choose a country, luis clicks on button to continue with the registration], Luis devices [luis clicks on select your computer, luis clicks on select version, luis clicks on select language, luis clicks on select your moblie device, luis clicks on select model, luis clicks on select operating system, luis clicks on button to continue with the last registration], Luis last sep [luis clicks on where do we write the password]]
[Test worker] WARN net.thucydides.core.steps.BaseStepListener - stepStarted: net.thucydides.core.steps.ExecutedStepDescription@59a189b5
[Test worker] WARN net.thucydides.core.steps.BaseStepListener - stepFinished: current outcome:register on the utest page:Given than luis wants to register on the utest page [Luis open up [luis opens the Utest page]], When you access the utest page
| strFirstName | strLastName | strEmailAddress | strMonthBirth | intDayBirth | intYearBirth | strCity | strPostalCode | strPassword | strConfirmPassword | strMessage |
| Frederick | Starck | ricki@gmail.com | April | 6 | 1992 | Las Lomas | 507 | Choucair2021* | Choucair2021* | First, please check your email inbox | [Luis join today [luis clicks on button that shows the form to register, luis enters 'Frederick' into where do we write the First name, luis enters 'Starck' into where do we write the Last name, luis enters 'ricki@gmail.com' into where do we write the Email, luis select April on where do we write the Birth Month, luis select 6 on where do we write the Birth Day, luis select 1992 on where do we write the Birth Year, luis clicks on select a language, luis clicks on button to confirm register], Luis add address [luis clicks on where do we write the City, luis enters 'Las Lomas' into where do we write the City, luis types 'ARROW_DOWN' in where do we write the City, luis types 'ENTER' in where do we write the City, luis enters '507' into where do we write the City, luis clicks on select to choose a country, luis clicks on button to continue with the registration], Luis devices [luis clicks on select your computer, luis clicks on select version, luis clicks on select language, luis clicks on select your moblie device, luis clicks on select model, luis clicks on select operating system, luis clicks on button to continue with the last registration], Luis last sep [luis clicks on where do we write the password, luis enters 'Choucair2021*' into where do we write the password]]
[Test worker] WARN net.thucydides.core.steps.BaseStepListener - stepStarted: net.thucydides.core.steps.ExecutedStepDescription@2dded966
[Test worker] WARN net.thucydides.core.steps.BaseStepListener - stepFinished: current outcome:register on the utest page:Given than luis wants to register on the utest page [Luis open up [luis opens the Utest page]], When you access the utest page
| strFirstName | strLastName | strEmailAddress | strMonthBirth | intDayBirth | intYearBirth | strCity | strPostalCode | strPassword | strConfirmPassword | strMessage |
| Frederick | Starck | ricki@gmail.com | April | 6 | 1992 | Las Lomas | 507 | Choucair2021* | Choucair2021* | First, please check your email inbox | [Luis join today [luis clicks on button that shows the form to register, luis enters 'Frederick' into where do we write the First name, luis enters 'Starck' into where do we write the Last name, luis enters 'ricki@gmail.com' into where do we write the Email, luis select April on where do we write the Birth Month, luis select 6 on where do we write the Birth Day, luis select 1992 on where do we write the Birth Year, luis clicks on select a language, luis clicks on button to confirm register], Luis add address [luis clicks on where do we write the City, luis enters 'Las Lomas' into where do we write the City, luis types 'ARROW_DOWN' in where do we write the City, luis types 'ENTER' in where do we write the City, luis enters '507' into where do we write the City, luis clicks on select to choose a country, luis clicks on button to continue with the registration], Luis devices [luis clicks on select your computer, luis clicks on select version, luis clicks on select language, luis clicks on select your moblie device, luis clicks on select model, luis clicks on select operating system, luis clicks on button to continue with the last registration], Luis last sep [luis clicks on where do we write the password, luis enters 'Choucair2021*' into where do we write the password, luis enters 'Choucair2021*' into where do we write the confirm password]]
[Test worker] WARN net.thucydides.core.steps.BaseStepListener - stepStarted: net.thucydides.core.steps.ExecutedStepDescription@172e5bd2
[Test worker] WARN net.thucydides.core.steps.BaseStepListener - stepFinished: current outcome:register on the utest page:Given than luis wants to register on the utest page [Luis open up [luis opens the Utest page]], When you access the utest page
| strFirstName | strLastName | strEmailAddress | strMonthBirth | intDayBirth | intYearBirth | strCity | strPostalCode | strPassword | strConfirmPassword | strMessage |
| Frederick | Starck | ricki@gmail.com | April | 6 | 1992 | Las Lomas | 507 | Choucair2021* | Choucair2021* | First, please check your email inbox | [Luis join today [luis clicks on button that shows the form to register, luis enters 'Frederick' into where do we write the First name, luis enters 'Starck' into where do we write the Last name, luis enters 'ricki@gmail.com' into where do we write the Email, luis select April on where do we write the Birth Month, luis select 6 on where do we write the Birth Day, luis select 1992 on where do we write the Birth Year, luis clicks on select a language, luis clicks on button to confirm register], Luis add address [luis clicks on where do we write the City, luis enters 'Las Lomas' into where do we write the City, luis types 'ARROW_DOWN' in where do we write the City, luis types 'ENTER' in where do we write the City, luis enters '507' into where do we write the City, luis clicks on select to choose a country, luis clicks on button to continue with the registration], Luis devices [luis clicks on select your computer, luis clicks on select version, luis clicks on select language, luis clicks on select your moblie device, luis clicks on select model, luis clicks on select operating system, luis clicks on button to continue with the last registration], Luis last sep [luis clicks on where do we write the password, luis enters 'Choucair2021*' into where do we write the password, luis enters 'Choucair2021*' into where do we write the confirm password, luis clicks on check to stay informed by mail]]
[Test worker] WARN net.thucydides.core.steps.BaseStepListener - stepStarted: net.thucydides.core.steps.ExecutedStepDescription@2097aedd
[Test worker] WARN net.thucydides.core.steps.BaseStepListener - stepFinished: current outcome:register on the utest page:Given than luis wants to register on the utest page [Luis open up [luis opens the Utest page]], When you access the utest page
| strFirstName | strLastName | strEmailAddress | strMonthBirth | intDayBirth | intYearBirth | strCity | strPostalCode | strPassword | strConfirmPassword | strMessage |
| Frederick | Starck | ricki@gmail.com | April | 6 | 1992 | Las Lomas | 507 | Choucair2021* | Choucair2021* | First, please check your email inbox | [Luis join today [luis clicks on button that shows the form to register, luis enters 'Frederick' into where do we write the First name, luis enters 'Starck' into where do we write the Last name, luis enters 'ricki@gmail.com' into where do we write the Email, luis select April on where do we write the Birth Month, luis select 6 on where do we write the Birth Day, luis select 1992 on where do we write the Birth Year, luis clicks on select a language, luis clicks on button to confirm register], Luis add address [luis clicks on where do we write the City, luis enters 'Las Lomas' into where do we write the City, luis types 'ARROW_DOWN' in where do we write the City, luis types 'ENTER' in where do we write the City, luis enters '507' into where do we write the City, luis clicks on select to choose a country, luis clicks on button to continue with the registration], Luis devices [luis clicks on select your computer, luis clicks on select version, luis clicks on select language, luis clicks on select your moblie device, luis clicks on select model, luis clicks on select operating system, luis clicks on button to continue with the last registration], Luis last sep [luis clicks on where do we write the password, luis enters 'Choucair2021*' into where do we write the password, luis enters 'Choucair2021*' into where do we write the confirm password, luis clicks on check to stay informed by mail, luis clicks on check the terms of condition]]
[Test worker] WARN net.thucydides.core.steps.BaseStepListener - stepStarted: net.thucydides.core.steps.ExecutedStepDescription@36d3bba9
[Test worker] WARN net.thucydides.core.steps.BaseStepListener - stepFinished: current outcome:register on the utest page:Given than luis wants to register on the utest page [Luis open up [luis opens the Utest page]], When you access the utest page
| strFirstName | strLastName | strEmailAddress | strMonthBirth | intDayBirth | intYearBirth | strCity | strPostalCode | strPassword | strConfirmPassword | strMessage |
| Frederick | Starck | ricki@gmail.com | April | 6 | 1992 | Las Lomas | 507 | Choucair2021* | Choucair2021* | First, please check your email inbox | [Luis join today [luis clicks on button that shows the form to register, luis enters 'Frederick' into where do we write the First name, luis enters 'Starck' into where do we write the Last name, luis enters 'ricki@gmail.com' into where do we write the Email, luis select April on where do we write the Birth Month, luis select 6 on where do we write the Birth Day, luis select 1992 on where do we write the Birth Year, luis clicks on select a language, luis clicks on button to confirm register], Luis add address [luis clicks on where do we write the City, luis enters 'Las Lomas' into where do we write the City, luis types 'ARROW_DOWN' in where do we write the City, luis types 'ENTER' in where do we write the City, luis enters '507' into where do we write the City, luis clicks on select to choose a country, luis clicks on button to continue with the registration], Luis devices [luis clicks on select your computer, luis clicks on select version, luis clicks on select language, luis clicks on select your moblie device, luis clicks on select model, luis clicks on select operating system, luis clicks on button to continue with the last registration], Luis last sep [luis clicks on where do we write the password, luis enters 'Choucair2021*' into where do we write the password, luis enters 'Choucair2021*' into where do we write the confirm password, luis clicks on check to stay informed by mail, luis clicks on check the terms of condition, luis clicks on check the privacy & security policy]]
[Test worker] WARN net.thucydides.core.steps.BaseStepListener - stepStarted: net.thucydides.core.steps.ExecutedStepDescription@327dd942
[Test worker] WARN net.thucydides.core.steps.BaseStepListener - stepFinished: current outcome:register on the utest page:Given than luis wants to register on the utest page [Luis open up [luis opens the Utest page]], When you access the utest page
| strFirstName | strLastName | strEmailAddress | strMonthBirth | intDayBirth | intYearBirth | strCity | strPostalCode | strPassword | strConfirmPassword | strMessage |
| Frederick | Starck | ricki@gmail.com | April | 6 | 1992 | Las Lomas | 507 | Choucair2021* | Choucair2021* | First, please check your email inbox | [Luis join today [luis clicks on button that shows the form to register, luis enters 'Frederick' into where do we write the First name, luis enters 'Starck' into where do we write the Last name, luis enters 'ricki@gmail.com' into where do we write the Email, luis select April on where do we write the Birth Month, luis select 6 on where do we write the Birth Day, luis select 1992 on where do we write the Birth Year, luis clicks on select a language, luis clicks on button to confirm register], Luis add address [luis clicks on where do we write the City, luis enters 'Las Lomas' into where do we write the City, luis types 'ARROW_DOWN' in where do we write the City, luis types 'ENTER' in where do we write the City, luis enters '507' into where do we write the City, luis clicks on select to choose a country, luis clicks on button to continue with the registration], Luis devices [luis clicks on select your computer, luis clicks on select version, luis clicks on select language, luis clicks on select your moblie device, luis clicks on select model, luis clicks on select operating system, luis clicks on button to continue with the last registration], Luis last sep [luis clicks on where do we write the password, luis enters 'Choucair2021*' into where do we write the password, luis enters 'Choucair2021*' into where do we write the confirm password, luis clicks on check to stay informed by mail, luis clicks on check the terms of condition, luis clicks on check the privacy & security policy, luis clicks on button to complete setup]]
[Test worker] WARN net.thucydides.core.steps.BaseStepListener - stepFinished: current outcome:register on the utest page:Given than luis wants to register on the utest page [Luis open up [luis opens the Utest page]], When you access the utest page
| strFirstName | strLastName | strEmailAddress | strMonthBirth | intDayBirth | intYearBirth | strCity | strPostalCode | strPassword | strConfirmPassword | strMessage |
| Frederick | Starck | ricki@gmail.com | April | 6 | 1992 | Las Lomas | 507 | Choucair2021* | Choucair2021* | First, please check your email inbox | [Luis join today [luis clicks on button that shows the form to register, luis enters 'Frederick' into where do we write the First name, luis enters 'Starck' into where do we write the Last name, luis enters 'ricki@gmail.com' into where do we write the Email, luis select April on where do we write the Birth Month, luis select 6 on where do we write the Birth Day, luis select 1992 on where do we write the Birth Year, luis clicks on select a language, luis clicks on button to confirm register], Luis add address [luis clicks on where do we write the City, luis enters 'Las Lomas' into where do we write the City, luis types 'ARROW_DOWN' in where do we write the City, luis types 'ENTER' in where do we write the City, luis enters '507' into where do we write the City, luis clicks on select to choose a country, luis clicks on button to continue with the registration], Luis devices [luis clicks on select your computer, luis clicks on select version, luis clicks on select language, luis clicks on select your moblie device, luis clicks on select model, luis clicks on select operating system, luis clicks on button to continue with the last registration], Luis last sep [luis clicks on where do we write the password, luis enters 'Choucair2021*' into where do we write the password, luis enters 'Choucair2021*' into where do we write the confirm password, luis clicks on check to stay informed by mail, luis clicks on check the terms of condition, luis clicks on check the privacy & security policy, luis clicks on button to complete setup]]
[Test worker] WARN net.thucydides.core.steps.BaseStepListener - stepFinished: current outcome:register on the utest page:Given than luis wants to register on the utest page [Luis open up [luis opens the Utest page]], When you access the utest page
| strFirstName | strLastName | strEmailAddress | strMonthBirth | intDayBirth | intYearBirth | strCity | strPostalCode | strPassword | strConfirmPassword | strMessage |
| Frederick | Starck | ricki@gmail.com | April | 6 | 1992 | Las Lomas | 507 | Choucair2021* | Choucair2021* | First, please check your email inbox | [Luis join today [luis clicks on button that shows the form to register, luis enters 'Frederick' into where do we write the First name, luis enters 'Starck' into where do we write the Last name, luis enters 'ricki@gmail.com' into where do we write the Email, luis select April on where do we write the Birth Month, luis select 6 on where do we write the Birth Day, luis select 1992 on where do we write the Birth Year, luis clicks on select a language, luis clicks on button to confirm register], Luis add address [luis clicks on where do we write the City, luis enters 'Las Lomas' into where do we write the City, luis types 'ARROW_DOWN' in where do we write the City, luis types 'ENTER' in where do we write the City, luis enters '507' into where do we write the City, luis clicks on select to choose a country, luis clicks on button to continue with the registration], Luis devices [luis clicks on select your computer, luis clicks on select version, luis clicks on select language, luis clicks on select your moblie device, luis clicks on select model, luis clicks on select operating system, luis clicks on button to continue with the last registration], Luis last sep [luis clicks on where do we write the password, luis enters 'Choucair2021*' into where do we write the password, luis enters 'Choucair2021*' into where do we write the confirm password, luis clicks on check to stay informed by mail, luis clicks on check the terms of condition, luis clicks on check the privacy & security policy, luis clicks on button to complete setup]]
[Test worker] WARN net.thucydides.core.steps.BaseStepListener - stepStarted: net.thucydides.core.steps.ExecutedStepDescription@1853eeeb
[Test worker] WARN net.thucydides.core.steps.BaseStepListener - stepStarted: net.thucydides.core.steps.ExecutedStepDescription@1d38b22d
[Test worker] WARN net.thucydides.core.steps.BaseStepListener - testFinished: register on the utest page:Given than luis wants to register on the utest page [Luis open up [luis opens the Utest page]], When you access the utest page
| strFirstName | strLastName | strEmailAddress | strMonthBirth | intDayBirth | intYearBirth | strCity | strPostalCode | strPassword | strConfirmPassword | strMessage |
| Frederick | Starck | ricki@gmail.com | April | 6 | 1992 | Las Lomas | 507 | Choucair2021* | Choucair2021* | First, please check your email inbox | [Luis join today [luis clicks on button that shows the form to register, luis enters 'Frederick' into where do we write the First name, luis enters 'Starck' into where do we write the Last name, luis enters 'ricki@gmail.com' into where do we write the Email, luis select April on where do we write the Birth Month, luis select 6 on where do we write the Birth Day, luis select 1992 on where do we write the Birth Year, luis clicks on select a language, luis clicks on button to confirm register], Luis add address [luis clicks on where do we write the City, luis enters 'Las Lomas' into where do we write the City, luis types 'ARROW_DOWN' in where do we write the City, luis types 'ENTER' in where do we write the City, luis enters '507' into where do we write the City, luis clicks on select to choose a country, luis clicks on button to continue with the registration], Luis devices [luis clicks on select your computer, luis clicks on select version, luis clicks on select language, luis clicks on select your moblie device, luis clicks on select model, luis clicks on select operating system, luis clicks on button to continue with the last registration], Luis last sep [luis clicks on where do we write the password, luis enters 'Choucair2021*' into where do we write the password, luis enters 'Choucair2021*' into where do we write the confirm password, luis clicks on check to stay informed by mail, luis clicks on check the terms of condition, luis clicks on check the privacy & security policy, luis clicks on button to complete setup]], Then create a new user on the utest page [Then create user]
[Test worker] WARN net.thucydides.core.steps.BaseStepListener - TestOutcomes: [register on the utest page:Given than luis wants to register on the utest page [Luis open up [luis opens the Utest page]], When you access the utest page
| strFirstName | strLastName | strEmailAddress | strMonthBirth | intDayBirth | intYearBirth | strCity | strPostalCode | strPassword | strConfirmPassword | strMessage |
| Frederick | Starck | ricki@gmail.com | April | 6 | 1992 | Las Lomas | 507 | Choucair2021* | Choucair2021* | First, please check your email inbox | [Luis join today [luis clicks on button that shows the form to register, luis enters 'Frederick' into where do we write the First name, luis enters 'Starck' into where do we write the Last name, luis enters 'ricki@gmail.com' into where do we write the Email, luis select April on where do we write the Birth Month, luis select 6 on where do we write the Birth Day, luis select 1992 on where do we write the Birth Year, luis clicks on select a language, luis clicks on button to confirm register], Luis add address [luis clicks on where do we write the City, luis enters 'Las Lomas' into where do we write the City, luis types 'ARROW_DOWN' in where do we write the City, luis types 'ENTER' in where do we write the City, luis enters '507' into where do we write the City, luis clicks on select to choose a country, luis clicks on button to continue with the registration], Luis devices [luis clicks on select your computer, luis clicks on select version, luis clicks on select language, luis clicks on select your moblie device, luis clicks on select model, luis clicks on select operating system, luis clicks on button to continue with the last registration], Luis last sep [luis clicks on where do we write the password, luis enters 'Choucair2021*' into where do we write the password, luis enters 'Choucair2021*' into where do we write the confirm password, luis clicks on check to stay informed by mail, luis clicks on check the terms of condition, luis clicks on check the privacy & security policy, luis clicks on button to complete setup]], Then create a new user on the utest page [Then create user]]
mar 05, 2023 2:35:08 PM org.openqa.selenium.os.OsProcess destroy
GRAVE: Unable to kill process java.lang.ProcessImpl@1e139372
[Test worker] WARN net.thucydides.core.steps.BaseStepListener - Final testOutcomes: [register on the utest page:Given than luis wants to register on the utest page [Luis open up [luis opens the Utest page]], When you access the utest page
| strFirstName | strLastName | strEmailAddress | strMonthBirth | intDayBirth | intYearBirth | strCity | strPostalCode | strPassword | strConfirmPassword | strMessage |
| Frederick | Starck | ricki@gmail.com | April | 6 | 1992 | Las Lomas | 507 | Choucair2021* | Choucair2021* | First, please check your email inbox | [Luis join today [luis clicks on button that shows the form to register, luis enters 'Frederick' into where do we write the First name, luis enters 'Starck' into where do we write the Last name, luis enters 'ricki@gmail.com' into where do we write the Email, luis select April on where do we write the Birth Month, luis select 6 on where do we write the Birth Day, luis select 1992 on where do we write the Birth Year, luis clicks on select a language, luis clicks on button to confirm register], Luis add address [luis clicks on where do we write the City, luis enters 'Las Lomas' into where do we write the City, luis types 'ARROW_DOWN' in where do we write the City, luis types 'ENTER' in where do we write the City, luis enters '507' into where do we write the City, luis clicks on select to choose a country, luis clicks on button to continue with the registration], Luis devices [luis clicks on select your computer, luis clicks on select version, luis clicks on select language, luis clicks on select your moblie device, luis clicks on select model, luis clicks on select operating system, luis clicks on button to continue with the last registration], Luis last sep [luis clicks on where do we write the password, luis enters 'Choucair2021*' into where do we write the password, luis enters 'Choucair2021*' into where do we write the confirm password, luis clicks on check to stay informed by mail, luis clicks on check the terms of condition, luis clicks on check the privacy & security policy, luis clicks on button to complete setup]], Then create a new user on the utest page [Then create user]]
[Test worker] ERROR net.thucydides.core.steps.ConsoleLoggingListener - 
           __  _____ _____ ____ _____   _____ _    ___ _     _____ ____  
  _       / / |_   _| ____/ ___|_   _| |  ___/ \  |_ _| |   | ____|  _ \ 
 (_)_____| |    | | |  _| \___ \ | |   | |_ / _ \  | || |   |  _| | | | |
  _|_____| |    | | | |___ ___) || |   |  _/ ___ \ | || |___| |___| |_| |
 (_)     | |    |_| |_____|____/ |_|   |_|/_/   \_\___|_____|_____|____/ 
          \_\                                                            

TEST FAILED WITH ERROR: register on the utest page
---------------------------------------------------------------------
[Test worker] ERROR net.thucydides.core.steps.ConsoleLoggingListener - TEST FAILED AT STEP Then create user
[Test worker] ERROR net.thucydides.core.steps.ConsoleLoggingListener - no such element: Unable to locate element: {"method":"xpath","selector":"//p[@class='welcome-lead']/b[contains(text(),'First, please check your email inbox')]"}
]]></system-err>
</testsuite>
